        -:    0:Source:/home/gongxc/CLionProjects/misysTest/googletest/include/gtest/gtest-printers.h
        -:    0:Graph:/home/gongxc/CLionProjects/misysTest/cmake-build-debug/CMakeFiles/misysTest.dir/test/handleTest.cpp.gcno
        -:    0:Data:/home/gongxc/CLionProjects/misysTest/cmake-build-debug/CMakeFiles/misysTest.dir/test/handleTest.cpp.gcda
        -:    0:Runs:1
        -:    0:Programs:1
        -:    1:// Copyright 2007, Google Inc.
        -:    2:// All rights reserved.
        -:    3://
        -:    4:// Redistribution and use in source and binary forms, with or without
        -:    5:// modification, are permitted provided that the following conditions are
        -:    6:// met:
        -:    7://
        -:    8://     * Redistributions of source code must retain the above copyright
        -:    9:// notice, this list of conditions and the following disclaimer.
        -:   10://     * Redistributions in binary form must reproduce the above
        -:   11:// copyright notice, this list of conditions and the following disclaimer
        -:   12:// in the documentation and/or other materials provided with the
        -:   13:// distribution.
        -:   14://     * Neither the name of Google Inc. nor the names of its
        -:   15:// contributors may be used to endorse or promote products derived from
        -:   16:// this software without specific prior written permission.
        -:   17://
        -:   18:// THIS SOFTWARE IS PROVIDED BY THE COPYRIGHT HOLDERS AND CONTRIBUTORS
        -:   19:// "AS IS" AND ANY EXPRESS OR IMPLIED WARRANTIES, INCLUDING, BUT NOT
        -:   20:// LIMITED TO, THE IMPLIED WARRANTIES OF MERCHANTABILITY AND FITNESS FOR
        -:   21:// A PARTICULAR PURPOSE ARE DISCLAIMED. IN NO EVENT SHALL THE COPYRIGHT
        -:   22:// OWNER OR CONTRIBUTORS BE LIABLE FOR ANY DIRECT, INDIRECT, INCIDENTAL,
        -:   23:// SPECIAL, EXEMPLARY, OR CONSEQUENTIAL DAMAGES (INCLUDING, BUT NOT
        -:   24:// LIMITED TO, PROCUREMENT OF SUBSTITUTE GOODS OR SERVICES; LOSS OF USE,
        -:   25:// DATA, OR PROFITS; OR BUSINESS INTERRUPTION) HOWEVER CAUSED AND ON ANY
        -:   26:// THEORY OF LIABILITY, WHETHER IN CONTRACT, STRICT LIABILITY, OR TORT
        -:   27:// (INCLUDING NEGLIGENCE OR OTHERWISE) ARISING IN ANY WAY OUT OF THE USE
        -:   28:// OF THIS SOFTWARE, EVEN IF ADVISED OF THE POSSIBILITY OF SUCH DAMAGE.
        -:   29:
        -:   30:
        -:   31:// Google Test - The Google C++ Testing and Mocking Framework
        -:   32://
        -:   33:// This file implements a universal value printer that can print a
        -:   34:// value of any type T:
        -:   35://
        -:   36://   void ::testing::internal::UniversalPrinter<T>::Print(value, ostream_ptr);
        -:   37://
        -:   38:// A user can teach this function how to print a class type T by
        -:   39:// defining either operator<<() or PrintTo() in the namespace that
        -:   40:// defines T.  More specifically, the FIRST defined function in the
        -:   41:// following list will be used (assuming T is defined in namespace
        -:   42:// foo):
        -:   43://
        -:   44://   1. foo::PrintTo(const T&, ostream*)
        -:   45://   2. operator<<(ostream&, const T&) defined in either foo or the
        -:   46://      global namespace.
        -:   47://
        -:   48:// However if T is an STL-style container then it is printed element-wise
        -:   49:// unless foo::PrintTo(const T&, ostream*) is defined. Note that
        -:   50:// operator<<() is ignored for container types.
        -:   51://
        -:   52:// If none of the above is defined, it will print the debug string of
        -:   53:// the value if it is a protocol buffer, or print the raw bytes in the
        -:   54:// value otherwise.
        -:   55://
        -:   56:// To aid debugging: when T is a reference type, the address of the
        -:   57:// value is also printed; when T is a (const) char pointer, both the
        -:   58:// pointer value and the NUL-terminated string it points to are
        -:   59:// printed.
        -:   60://
        -:   61:// We also provide some convenient wrappers:
        -:   62://
        -:   63://   // Prints a value to a string.  For a (const or not) char
        -:   64://   // pointer, the NUL-terminated string (but not the pointer) is
        -:   65://   // printed.
        -:   66://   std::string ::testing::PrintToString(const T& value);
        -:   67://
        -:   68://   // Prints a value tersely: for a reference type, the referenced
        -:   69://   // value (but not the address) is printed; for a (const or not) char
        -:   70://   // pointer, the NUL-terminated string (but not the pointer) is
        -:   71://   // printed.
        -:   72://   void ::testing::internal::UniversalTersePrint(const T& value, ostream*);
        -:   73://
        -:   74://   // Prints value using the type inferred by the compiler.  The difference
        -:   75://   // from UniversalTersePrint() is that this function prints both the
        -:   76://   // pointer and the NUL-terminated string for a (const or not) char pointer.
        -:   77://   void ::testing::internal::UniversalPrint(const T& value, ostream*);
        -:   78://
        -:   79://   // Prints the fields of a tuple tersely to a string vector, one
        -:   80://   // element for each field. Tuple support must be enabled in
        -:   81://   // gtest-port.h.
        -:   82://   std::vector<string> UniversalTersePrintTupleFieldsToStrings(
        -:   83://       const Tuple& value);
        -:   84://
        -:   85:// Known limitation:
        -:   86://
        -:   87:// The print primitives print the elements of an STL-style container
        -:   88:// using the compiler-inferred type of *iter where iter is a
        -:   89:// const_iterator of the container.  When const_iterator is an input
        -:   90:// iterator but not a forward iterator, this inferred type may not
        -:   91:// match value_type, and the print output may be incorrect.  In
        -:   92:// practice, this is rarely a problem as for most containers
        -:   93:// const_iterator is a forward iterator.  We'll fix this if there's an
        -:   94:// actual need for it.  Note that this fix cannot rely on value_type
        -:   95:// being defined as many user-defined container types don't have
        -:   96:// value_type.
        -:   97:
        -:   98:#ifndef GOOGLETEST_INCLUDE_GTEST_GTEST_PRINTERS_H_
        -:   99:#define GOOGLETEST_INCLUDE_GTEST_GTEST_PRINTERS_H_
        -:  100:
        -:  101:#include <functional>
        -:  102:#include <memory>
        -:  103:#include <ostream>  // NOLINT
        -:  104:#include <sstream>
        -:  105:#include <string>
        -:  106:#include <tuple>
        -:  107:#include <type_traits>
        -:  108:#include <utility>
        -:  109:#include <vector>
        -:  110:
        -:  111:#include "gtest/internal/gtest-internal.h"
        -:  112:#include "gtest/internal/gtest-port.h"
        -:  113:
        -:  114:namespace testing {
        -:  115:
        -:  116:// Definitions in the internal* namespaces are subject to change without notice.
        -:  117:// DO NOT USE THEM IN USER CODE!
        -:  118:namespace internal {
        -:  119:
        -:  120:template <typename T>
        -:  121:void UniversalPrint(const T& value, ::std::ostream* os);
        -:  122:
        -:  123:// Used to print an STL-style container when the user doesn't define
        -:  124:// a PrintTo() for it.
        -:  125:struct ContainerPrinter {
        -:  126:  template <typename T,
        -:  127:            typename = typename std::enable_if<
        -:  128:                (sizeof(IsContainerTest<T>(0)) == sizeof(IsContainer)) &&
        -:  129:                !IsRecursiveContainer<T>::value>::type>
        -:  130:  static void PrintValue(const T& container, std::ostream* os) {
        -:  131:    const size_t kMaxCount = 32;  // The maximum number of elements to print.
        -:  132:    *os << '{';
        -:  133:    size_t count = 0;
        -:  134:    for (auto&& elem : container) {
        -:  135:      if (count > 0) {
        -:  136:        *os << ',';
        -:  137:        if (count == kMaxCount) {  // Enough has been printed.
        -:  138:          *os << " ...";
        -:  139:          break;
        -:  140:        }
        -:  141:      }
        -:  142:      *os << ' ';
        -:  143:      // We cannot call PrintTo(elem, os) here as PrintTo() doesn't
        -:  144:      // handlePath `elem` being a native array.
        -:  145:      internal::UniversalPrint(elem, os);
        -:  146:      ++count;
        -:  147:    }
        -:  148:
        -:  149:    if (count > 0) {
        -:  150:      *os << ' ';
        -:  151:    }
        -:  152:    *os << '}';
        -:  153:  }
        -:  154:};
        -:  155:
        -:  156:// Used to print a pointer that is neither a char pointer nor a member
        -:  157:// pointer, when the user doesn't define PrintTo() for it.  (A member
        -:  158:// variable pointer or member function pointer doesn't really point to
        -:  159:// a location in the address space.  Their representation is
        -:  160:// implementation-defined.  Therefore they will be printed as raw
        -:  161:// bytes.)
        -:  162:struct FunctionPointerPrinter {
        -:  163:  template <typename T, typename = typename std::enable_if<
        -:  164:                            std::is_function<T>::value>::type>
        -:  165:  static void PrintValue(T* p, ::std::ostream* os) {
        -:  166:    if (p == nullptr) {
        -:  167:      *os << "NULL";
        -:  168:    } else {
        -:  169:      // T is a function type, so '*os << p' doesn't do what we want
        -:  170:      // (it just prints p as bool).  We want to print p as a const
        -:  171:      // void*.
        -:  172:      *os << reinterpret_cast<const void*>(p);
        -:  173:    }
        -:  174:  }
        -:  175:};
        -:  176:
        -:  177:struct PointerPrinter {
        -:  178:  template <typename T>
        -:  179:  static void PrintValue(T* p, ::std::ostream* os) {
        -:  180:    if (p == nullptr) {
        -:  181:      *os << "NULL";
        -:  182:    } else {
        -:  183:      // T is not a function type.  We just call << to print p,
        -:  184:      // relying on ADL to pick up user-defined << for their pointer
        -:  185:      // types, if any.
        -:  186:      *os << p;
        -:  187:    }
        -:  188:  }
        -:  189:};
        -:  190:
        -:  191:namespace internal_stream_operator_without_lexical_name_lookup {
        -:  192:
        -:  193:// The presence of an operator<< here will terminate lexical scope lookup
        -:  194:// straight away (even though it cannot be a match because of its argument
        -:  195:// types). Thus, the two operator<< calls in StreamPrinter will find only ADL
        -:  196:// candidates.
        -:  197:struct LookupBlocker {};
        -:  198:void operator<<(LookupBlocker, LookupBlocker);
        -:  199:
        -:  200:struct StreamPrinter {
        -:  201:  template <typename T,
        -:  202:            // Don't accept member pointers here. We'd print them via implicit
        -:  203:            // conversion to bool, which isn't useful.
        -:  204:            typename = typename std::enable_if<
        -:  205:                !std::is_member_pointer<T>::value>::type,
        -:  206:            // Only accept types for which we can find a streaming operator via
        -:  207:            // ADL (possibly involving implicit conversions).
        -:  208:            typename = decltype(std::declval<std::ostream&>()
        -:  209:                                << std::declval<const T&>())>
function _ZN7testing8internal52internal_stream_operator_without_lexical_name_lookup13StreamPrinter10PrintValueIivRSoEEvRKT_PSo called 0 returned 0% blocks executed 0%
    #####:  210:  static void PrintValue(const T& value, ::std::ostream* os) {
    $$$$$:  210-block  0
        -:  211:    // Call streaming operator found by ADL, possibly with implicit conversions
        -:  212:    // of the arguments.
    #####:  213:    *os << value;
    $$$$$:  213-block  0
call    0 never executed
    #####:  214:  }
        -:  215:};
        -:  216:
        -:  217:}  // namespace internal_stream_operator_without_lexical_name_lookup
        -:  218:
        -:  219:struct ProtobufPrinter {
        -:  220:  // We print a protobuf using its ShortDebugString() when the string
        -:  221:  // doesn't exceed this many characters; otherwise we print it using
        -:  222:  // DebugString() for better readability.
        -:  223:  static const size_t kProtobufOneLinerMaxLength = 50;
        -:  224:
        -:  225:  template <typename T,
        -:  226:            typename = typename std::enable_if<
        -:  227:                internal::HasDebugStringAndShortDebugString<T>::value>::type>
        -:  228:  static void PrintValue(const T& value, ::std::ostream* os) {
        -:  229:    std::string pretty_str = value.ShortDebugString();
        -:  230:    if (pretty_str.length() > kProtobufOneLinerMaxLength) {
        -:  231:      pretty_str = "\n" + value.DebugString();
        -:  232:    }
        -:  233:    *os << ("<" + pretty_str + ">");
        -:  234:  }
        -:  235:};
        -:  236:
        -:  237:struct ConvertibleToIntegerPrinter {
        -:  238:  // Since T has no << operator or PrintTo() but can be implicitly
        -:  239:  // converted to BiggestInt, we print it as a BiggestInt.
        -:  240:  //
        -:  241:  // Most likely T is an enum type (either named or unnamed), in which
        -:  242:  // case printing it as an integer is the desired behavior.  In case
        -:  243:  // T is not an enum, printing it as an integer is the best we can do
        -:  244:  // given that it has no user-defined printer.
        -:  245:  static void PrintValue(internal::BiggestInt value, ::std::ostream* os) {
        -:  246:    *os << value;
        -:  247:  }
        -:  248:};
        -:  249:
        -:  250:struct ConvertibleToStringViewPrinter {
        -:  251:#if GTEST_INTERNAL_HAS_STRING_VIEW
        -:  252:  static void PrintValue(internal::StringView value, ::std::ostream* os) {
        -:  253:    internal::UniversalPrint(value, os);
        -:  254:  }
        -:  255:#endif
        -:  256:};
        -:  257:
        -:  258:
        -:  259:// Prints the given number of bytes in the given object to the given
        -:  260:// ostream.
        -:  261:GTEST_API_ void PrintBytesInObjectTo(const unsigned char* obj_bytes,
        -:  262:                                     size_t count,
        -:  263:                                     ::std::ostream* os);
        -:  264:struct RawBytesPrinter {
        -:  265:  // SFINAE on `sizeof` to make sure we have a complete type.
        -:  266:  template <typename T, size_t = sizeof(T)>
        -:  267:  static void PrintValue(const T& value, ::std::ostream* os) {
        -:  268:    PrintBytesInObjectTo(
        -:  269:        static_cast<const unsigned char*>(
        -:  270:            // Load bearing cast to void* to support iOS
        -:  271:            reinterpret_cast<const void*>(std::addressof(value))),
        -:  272:        sizeof(value), os);
        -:  273:  }
        -:  274:};
        -:  275:
        -:  276:struct FallbackPrinter {
        -:  277:  template <typename T>
        -:  278:  static void PrintValue(const T&, ::std::ostream* os) {
        -:  279:    *os << "(incomplete type)";
        -:  280:  }
        -:  281:};
        -:  282:
        -:  283:// Try every printer in order and return the first one that works.
        -:  284:template <typename T, typename E, typename Printer, typename... Printers>
        -:  285:struct FindFirstPrinter : FindFirstPrinter<T, E, Printers...> {};
        -:  286:
        -:  287:template <typename T, typename Printer, typename... Printers>
        -:  288:struct FindFirstPrinter<
        -:  289:    T, decltype(Printer::PrintValue(std::declval<const T&>(), nullptr)),
        -:  290:    Printer, Printers...> {
        -:  291:  using type = Printer;
        -:  292:};
        -:  293:
        -:  294:// Select the best printer in the following order:
        -:  295://  - Print containers (they have begin/end/etc).
        -:  296://  - Print function pointers.
        -:  297://  - Print object pointers.
        -:  298://  - Use the stream operator, if available.
        -:  299://  - Print protocol buffers.
        -:  300://  - Print types convertible to BiggestInt.
        -:  301://  - Print types convertible to StringView, if available.
        -:  302://  - Fallback to printing the raw bytes of the object.
        -:  303:template <typename T>
function _ZN7testing8internal17PrintWithFallbackIiEEvRKT_PSo called 0 returned 0% blocks executed 0%
    #####:  304:void PrintWithFallback(const T& value, ::std::ostream* os) {
    $$$$$:  304-block  0
        -:  305:  using Printer = typename FindFirstPrinter<
        -:  306:      T, void, ContainerPrinter, FunctionPointerPrinter, PointerPrinter,
        -:  307:      internal_stream_operator_without_lexical_name_lookup::StreamPrinter,
        -:  308:      ProtobufPrinter, ConvertibleToIntegerPrinter,
        -:  309:      ConvertibleToStringViewPrinter, RawBytesPrinter, FallbackPrinter>::type;
    #####:  310:  Printer::PrintValue(value, os);
    $$$$$:  310-block  0
call    0 never executed
    #####:  311:}
        -:  312:
        -:  313:// FormatForComparison<ToPrint, OtherOperand>::Format(value) formats a
        -:  314:// value of type ToPrint that is an operand of a comparison assertion
        -:  315:// (e.g. ASSERT_EQ).  OtherOperand is the type of the other operand in
        -:  316:// the comparison, and is used to help determine the best way to
        -:  317:// format the value.  In particular, when the value is a C string
        -:  318:// (char pointer) and the other operand is an STL string object, we
        -:  319:// want to format the C string as a string, since we know it is
        -:  320:// compared by value with the string object.  If the value is a char
        -:  321:// pointer but the other operand is not an STL string object, we don't
        -:  322:// know whether the pointer is supposed to point to a NUL-terminated
        -:  323:// string, and thus want to print it as a pointer to be safe.
        -:  324://
        -:  325:// INTERNAL IMPLEMENTATION - DO NOT USE IN A USER PROGRAM.
        -:  326:
        -:  327:// The default case.
        -:  328:template <typename ToPrint, typename OtherOperand>
        -:  329:class FormatForComparison {
        -:  330: public:
function _ZN7testing8internal19FormatForComparisonIiiE6FormatB5cxx11ERKi called 0 returned 0% blocks executed 0%
    #####:  331:  static ::std::string Format(const ToPrint& value) {
    $$$$$:  331-block  0
    #####:  332:    return ::testing::PrintToString(value);
    $$$$$:  332-block  0
call    0 never executed
        -:  333:  }
        -:  334:};
        -:  335:
        -:  336:// Array.
        -:  337:template <typename ToPrint, size_t N, typename OtherOperand>
        -:  338:class FormatForComparison<ToPrint[N], OtherOperand> {
        -:  339: public:
        -:  340:  static ::std::string Format(const ToPrint* value) {
        -:  341:    return FormatForComparison<const ToPrint*, OtherOperand>::Format(value);
        -:  342:  }
        -:  343:};
        -:  344:
        -:  345:// By default, print C string as pointers to be safe, as we don't know
        -:  346:// whether they actually point to a NUL-terminated string.
        -:  347:
        -:  348:#define GTEST_IMPL_FORMAT_C_STRING_AS_POINTER_(CharType)                \
        -:  349:  template <typename OtherOperand>                                      \
        -:  350:  class FormatForComparison<CharType*, OtherOperand> {                  \
        -:  351:   public:                                                              \
        -:  352:    static ::std::string Format(CharType* value) {                      \
        -:  353:      return ::testing::PrintToString(static_cast<const void*>(value)); \
        -:  354:    }                                                                   \
        -:  355:  }
        -:  356:
        -:  357:GTEST_IMPL_FORMAT_C_STRING_AS_POINTER_(char);
        -:  358:GTEST_IMPL_FORMAT_C_STRING_AS_POINTER_(const char);
        -:  359:GTEST_IMPL_FORMAT_C_STRING_AS_POINTER_(wchar_t);
        -:  360:GTEST_IMPL_FORMAT_C_STRING_AS_POINTER_(const wchar_t);
        -:  361:#ifdef __cpp_lib_char8_t
        -:  362:GTEST_IMPL_FORMAT_C_STRING_AS_POINTER_(char8_t);
        -:  363:GTEST_IMPL_FORMAT_C_STRING_AS_POINTER_(const char8_t);
        -:  364:#endif
        -:  365:GTEST_IMPL_FORMAT_C_STRING_AS_POINTER_(char16_t);
        -:  366:GTEST_IMPL_FORMAT_C_STRING_AS_POINTER_(const char16_t);
        -:  367:GTEST_IMPL_FORMAT_C_STRING_AS_POINTER_(char32_t);
        -:  368:GTEST_IMPL_FORMAT_C_STRING_AS_POINTER_(const char32_t);
        -:  369:
        -:  370:#undef GTEST_IMPL_FORMAT_C_STRING_AS_POINTER_
        -:  371:
        -:  372:// If a C string is compared with an STL string object, we know it's meant
        -:  373:// to point to a NUL-terminated string, and thus can print it as a string.
        -:  374:
        -:  375:#define GTEST_IMPL_FORMAT_C_STRING_AS_STRING_(CharType, OtherStringType) \
        -:  376:  template <>                                                           \
        -:  377:  class FormatForComparison<CharType*, OtherStringType> {               \
        -:  378:   public:                                                              \
        -:  379:    static ::std::string Format(CharType* value) {                      \
        -:  380:      return ::testing::PrintToString(value);                           \
        -:  381:    }                                                                   \
        -:  382:  }
        -:  383:
        -:  384:GTEST_IMPL_FORMAT_C_STRING_AS_STRING_(char, ::std::string);
        -:  385:GTEST_IMPL_FORMAT_C_STRING_AS_STRING_(const char, ::std::string);
        -:  386:#ifdef __cpp_char8_t
        -:  387:GTEST_IMPL_FORMAT_C_STRING_AS_STRING_(char8_t, ::std::u8string);
        -:  388:GTEST_IMPL_FORMAT_C_STRING_AS_STRING_(const char8_t, ::std::u8string);
        -:  389:#endif
        -:  390:GTEST_IMPL_FORMAT_C_STRING_AS_STRING_(char16_t, ::std::u16string);
        -:  391:GTEST_IMPL_FORMAT_C_STRING_AS_STRING_(const char16_t, ::std::u16string);
        -:  392:GTEST_IMPL_FORMAT_C_STRING_AS_STRING_(char32_t, ::std::u32string);
        -:  393:GTEST_IMPL_FORMAT_C_STRING_AS_STRING_(const char32_t, ::std::u32string);
        -:  394:
        -:  395:#if GTEST_HAS_STD_WSTRING
        -:  396:GTEST_IMPL_FORMAT_C_STRING_AS_STRING_(wchar_t, ::std::wstring);
        -:  397:GTEST_IMPL_FORMAT_C_STRING_AS_STRING_(const wchar_t, ::std::wstring);
        -:  398:#endif
        -:  399:
        -:  400:#undef GTEST_IMPL_FORMAT_C_STRING_AS_STRING_
        -:  401:
        -:  402:// Formats a comparison assertion (e.g. ASSERT_EQ, EXPECT_LT, and etc)
        -:  403:// operand to be used in a failure message.  The type (but not value)
        -:  404:// of the other operand may affect the format.  This allows us to
        -:  405:// print a char* as a raw pointer when it is compared against another
        -:  406:// char* or void*, and print it as a C string when it is compared
        -:  407:// against an std::string object, for example.
        -:  408://
        -:  409:// INTERNAL IMPLEMENTATION - DO NOT USE IN A USER PROGRAM.
        -:  410:template <typename T1, typename T2>
function _ZN7testing8internal33FormatForComparisonFailureMessageIiiEENSt7__cxx1112basic_stringIcSt11char_traitsIcESaIcEEERKT_RKT0_ called 0 returned 0% blocks executed 0%
    #####:  411:std::string FormatForComparisonFailureMessage(
    $$$$$:  411-block  0
        -:  412:    const T1& value, const T2& /* other_operand */) {
    #####:  413:  return FormatForComparison<T1, T2>::Format(value);
    $$$$$:  413-block  0
call    0 never executed
        -:  414:}
        -:  415:
        -:  416:// UniversalPrinter<T>::Print(value, ostream_ptr) prints the given
        -:  417:// value to the given ostream.  The caller must ensure that
        -:  418:// 'ostream_ptr' is not NULL, or the behavior is undefined.
        -:  419://
        -:  420:// We define UniversalPrinter as a class template (as opposed to a
        -:  421:// function template), as we need to partially specialize it for
        -:  422:// reference types, which cannot be done with function templates.
        -:  423:template <typename T>
        -:  424:class UniversalPrinter;
        -:  425:
        -:  426:// Prints the given value using the << operator if it has one;
        -:  427:// otherwise prints the bytes in it.  This is what
        -:  428:// UniversalPrinter<T>::Print() does when PrintTo() is not specialized
        -:  429:// or overloaded for type T.
        -:  430://
        -:  431:// A user can override this behavior for a class type Foo by defining
        -:  432:// an overload of PrintTo() in the namespace where Foo is defined.  We
        -:  433:// give the user this option as sometimes defining a << operator for
        -:  434:// Foo is not desirable (e.g. the coding style may prevent doing it,
        -:  435:// or there is already a << operator but it doesn't do what the user
        -:  436:// wants).
        -:  437:template <typename T>
function _ZN7testing8internal7PrintToIiEEvRKT_PSo called 0 returned 0% blocks executed 0%
    #####:  438:void PrintTo(const T& value, ::std::ostream* os) {
    $$$$$:  438-block  0
    #####:  439:  internal::PrintWithFallback(value, os);
    $$$$$:  439-block  0
call    0 never executed
    #####:  440:}
        -:  441:
        -:  442:// The following list of PrintTo() overloads tells
        -:  443:// UniversalPrinter<T>::Print() how to print standard types (built-in
        -:  444:// types, strings, plain arrays, and pointers).
        -:  445:
        -:  446:// Overloads for various char types.
        -:  447:GTEST_API_ void PrintTo(unsigned char c, ::std::ostream* os);
        -:  448:GTEST_API_ void PrintTo(signed char c, ::std::ostream* os);
        -:  449:inline void PrintTo(char c, ::std::ostream* os) {
        -:  450:  // When printing a plain char, we always treat it as unsigned.  This
        -:  451:  // way, the output won't be affected by whether the compiler thinks
        -:  452:  // char is signed or not.
        -:  453:  PrintTo(static_cast<unsigned char>(c), os);
        -:  454:}
        -:  455:
        -:  456:// Overloads for other simple built-in types.
        -:  457:inline void PrintTo(bool x, ::std::ostream* os) {
        -:  458:  *os << (x ? "true" : "false");
        -:  459:}
        -:  460:
        -:  461:// Overload for wchar_t type.
        -:  462:// Prints a wchar_t as a symbol if it is printable or as its internal
        -:  463:// code otherwise and also as its decimal code (except for L'\0').
        -:  464:// The L'\0' char is printed as "L'\\0'". The decimal code is printed
        -:  465:// as signed integer when wchar_t is implemented by the compiler
        -:  466:// as a signed type and is printed as an unsigned integer when wchar_t
        -:  467:// is implemented as an unsigned type.
        -:  468:GTEST_API_ void PrintTo(wchar_t wc, ::std::ostream* os);
        -:  469:
        -:  470:GTEST_API_ void PrintTo(char32_t c, ::std::ostream* os);
        -:  471:inline void PrintTo(char16_t c, ::std::ostream* os) {
        -:  472:  PrintTo(ImplicitCast_<char32_t>(c), os);
        -:  473:}
        -:  474:#ifdef __cpp_char8_t
        -:  475:inline void PrintTo(char8_t c, ::std::ostream* os) {
        -:  476:  PrintTo(ImplicitCast_<char32_t>(c), os);
        -:  477:}
        -:  478:#endif
        -:  479:
        -:  480:// gcc/clang __{u,}int128_t
        -:  481:#if defined(__SIZEOF_INT128__)
        -:  482:GTEST_API_ void PrintTo(__uint128_t v, ::std::ostream* os);
        -:  483:GTEST_API_ void PrintTo(__int128_t v, ::std::ostream* os);
        -:  484:#endif  // __SIZEOF_INT128__
        -:  485:
        -:  486:// Overloads for C strings.
        -:  487:GTEST_API_ void PrintTo(const char* s, ::std::ostream* os);
        -:  488:inline void PrintTo(char* s, ::std::ostream* os) {
        -:  489:  PrintTo(ImplicitCast_<const char*>(s), os);
        -:  490:}
        -:  491:
        -:  492:// signed/unsigned char is often used for representing binary data, so
        -:  493:// we print pointers to it as void* to be safe.
        -:  494:inline void PrintTo(const signed char* s, ::std::ostream* os) {
        -:  495:  PrintTo(ImplicitCast_<const void*>(s), os);
        -:  496:}
        -:  497:inline void PrintTo(signed char* s, ::std::ostream* os) {
        -:  498:  PrintTo(ImplicitCast_<const void*>(s), os);
        -:  499:}
        -:  500:inline void PrintTo(const unsigned char* s, ::std::ostream* os) {
        -:  501:  PrintTo(ImplicitCast_<const void*>(s), os);
        -:  502:}
        -:  503:inline void PrintTo(unsigned char* s, ::std::ostream* os) {
        -:  504:  PrintTo(ImplicitCast_<const void*>(s), os);
        -:  505:}
        -:  506:#ifdef __cpp_char8_t
        -:  507:// Overloads for u8 strings.
        -:  508:GTEST_API_ void PrintTo(const char8_t* s, ::std::ostream* os);
        -:  509:inline void PrintTo(char8_t* s, ::std::ostream* os) {
        -:  510:  PrintTo(ImplicitCast_<const char8_t*>(s), os);
        -:  511:}
        -:  512:#endif
        -:  513:// Overloads for u16 strings.
        -:  514:GTEST_API_ void PrintTo(const char16_t* s, ::std::ostream* os);
        -:  515:inline void PrintTo(char16_t* s, ::std::ostream* os) {
        -:  516:  PrintTo(ImplicitCast_<const char16_t*>(s), os);
        -:  517:}
        -:  518:// Overloads for u32 strings.
        -:  519:GTEST_API_ void PrintTo(const char32_t* s, ::std::ostream* os);
        -:  520:inline void PrintTo(char32_t* s, ::std::ostream* os) {
        -:  521:  PrintTo(ImplicitCast_<const char32_t*>(s), os);
        -:  522:}
        -:  523:
        -:  524:// MSVC can be configured to define wchar_t as a typedef of unsigned
        -:  525:// short.  It defines _NATIVE_WCHAR_T_DEFINED when wchar_t is a native
        -:  526:// type.  When wchar_t is a typedef, defining an overload for const
        -:  527:// wchar_t* would cause unsigned short* be printed as a wide string,
        -:  528:// possibly causing invalid memory accesses.
        -:  529:#if !defined(_MSC_VER) || defined(_NATIVE_WCHAR_T_DEFINED)
        -:  530:// Overloads for wide C strings
        -:  531:GTEST_API_ void PrintTo(const wchar_t* s, ::std::ostream* os);
        -:  532:inline void PrintTo(wchar_t* s, ::std::ostream* os) {
        -:  533:  PrintTo(ImplicitCast_<const wchar_t*>(s), os);
        -:  534:}
        -:  535:#endif
        -:  536:
        -:  537:// Overload for C arrays.  Multi-dimensional arrays are printed
        -:  538:// properly.
        -:  539:
        -:  540:// Prints the given number of elements in an array, without printing
        -:  541:// the curly braces.
        -:  542:template <typename T>
        -:  543:void PrintRawArrayTo(const T a[], size_t count, ::std::ostream* os) {
        -:  544:  UniversalPrint(a[0], os);
        -:  545:  for (size_t i = 1; i != count; i++) {
        -:  546:    *os << ", ";
        -:  547:    UniversalPrint(a[i], os);
        -:  548:  }
        -:  549:}
        -:  550:
        -:  551:// Overloads for ::std::string.
        -:  552:GTEST_API_ void PrintStringTo(const ::std::string&s, ::std::ostream* os);
        -:  553:inline void PrintTo(const ::std::string& s, ::std::ostream* os) {
        -:  554:  PrintStringTo(s, os);
        -:  555:}
        -:  556:
        -:  557:// Overloads for ::std::u8string
        -:  558:#ifdef __cpp_char8_t
        -:  559:GTEST_API_ void PrintU8StringTo(const ::std::u8string& s, ::std::ostream* os);
        -:  560:inline void PrintTo(const ::std::u8string& s, ::std::ostream* os) {
        -:  561:  PrintU8StringTo(s, os);
        -:  562:}
        -:  563:#endif
        -:  564:
        -:  565:// Overloads for ::std::u16string
        -:  566:GTEST_API_ void PrintU16StringTo(const ::std::u16string& s, ::std::ostream* os);
        -:  567:inline void PrintTo(const ::std::u16string& s, ::std::ostream* os) {
        -:  568:  PrintU16StringTo(s, os);
        -:  569:}
        -:  570:
        -:  571:// Overloads for ::std::u32string
        -:  572:GTEST_API_ void PrintU32StringTo(const ::std::u32string& s, ::std::ostream* os);
        -:  573:inline void PrintTo(const ::std::u32string& s, ::std::ostream* os) {
        -:  574:  PrintU32StringTo(s, os);
        -:  575:}
        -:  576:
        -:  577:// Overloads for ::std::wstring.
        -:  578:#if GTEST_HAS_STD_WSTRING
        -:  579:GTEST_API_ void PrintWideStringTo(const ::std::wstring&s, ::std::ostream* os);
        -:  580:inline void PrintTo(const ::std::wstring& s, ::std::ostream* os) {
        -:  581:  PrintWideStringTo(s, os);
        -:  582:}
        -:  583:#endif  // GTEST_HAS_STD_WSTRING
        -:  584:
        -:  585:#if GTEST_INTERNAL_HAS_STRING_VIEW
        -:  586:// Overload for internal::StringView.
        -:  587:inline void PrintTo(internal::StringView sp, ::std::ostream* os) {
        -:  588:  PrintTo(::std::string(sp), os);
        -:  589:}
        -:  590:#endif  // GTEST_INTERNAL_HAS_STRING_VIEW
        -:  591:
        -:  592:inline void PrintTo(std::nullptr_t, ::std::ostream* os) { *os << "(nullptr)"; }
        -:  593:
        -:  594:#if GTEST_HAS_RTTI
        -:  595:inline void PrintTo(const std::type_info& info, std::ostream* os) {
        -:  596:  *os << internal::GetTypeName(info);
        -:  597:}
        -:  598:#endif  // GTEST_HAS_RTTI
        -:  599:
        -:  600:template <typename T>
        -:  601:void PrintTo(std::reference_wrapper<T> ref, ::std::ostream* os) {
        -:  602:  UniversalPrinter<T&>::Print(ref.get(), os);
        -:  603:}
        -:  604:
        -:  605:inline const void* VoidifyPointer(const void* p) { return p; }
        -:  606:inline const void* VoidifyPointer(volatile const void* p) {
        -:  607:  return const_cast<const void*>(p);
        -:  608:}
        -:  609:
        -:  610:template <typename T, typename Ptr>
        -:  611:void PrintSmartPointer(const Ptr& ptr, std::ostream* os, char) {
        -:  612:  if (ptr == nullptr) {
        -:  613:    *os << "(nullptr)";
        -:  614:  } else {
        -:  615:    // We can't print the value. Just print the pointer..
        -:  616:    *os << "(" << (VoidifyPointer)(ptr.get()) << ")";
        -:  617:  }
        -:  618:}
        -:  619:template <typename T, typename Ptr,
        -:  620:          typename = typename std::enable_if<!std::is_void<T>::value &&
        -:  621:                                             !std::is_array<T>::value>::type>
        -:  622:void PrintSmartPointer(const Ptr& ptr, std::ostream* os, int) {
        -:  623:  if (ptr == nullptr) {
        -:  624:    *os << "(nullptr)";
        -:  625:  } else {
        -:  626:    *os << "(ptr = " << (VoidifyPointer)(ptr.get()) << ", value = ";
        -:  627:    UniversalPrinter<T>::Print(*ptr, os);
        -:  628:    *os << ")";
        -:  629:  }
        -:  630:}
        -:  631:
        -:  632:template <typename T, typename D>
        -:  633:void PrintTo(const std::unique_ptr<T, D>& ptr, std::ostream* os) {
        -:  634:  (PrintSmartPointer<T>)(ptr, os, 0);
        -:  635:}
        -:  636:
        -:  637:template <typename T>
        -:  638:void PrintTo(const std::shared_ptr<T>& ptr, std::ostream* os) {
        -:  639:  (PrintSmartPointer<T>)(ptr, os, 0);
        -:  640:}
        -:  641:
        -:  642:// Helper function for printing a tuple.  T must be instantiated with
        -:  643:// a tuple type.
        -:  644:template <typename T>
        -:  645:void PrintTupleTo(const T&, std::integral_constant<size_t, 0>,
        -:  646:                  ::std::ostream*) {}
        -:  647:
        -:  648:template <typename T, size_t I>
        -:  649:void PrintTupleTo(const T& t, std::integral_constant<size_t, I>,
        -:  650:                  ::std::ostream* os) {
        -:  651:  PrintTupleTo(t, std::integral_constant<size_t, I - 1>(), os);
        -:  652:  GTEST_INTENTIONAL_CONST_COND_PUSH_()
        -:  653:  if (I > 1) {
        -:  654:    GTEST_INTENTIONAL_CONST_COND_POP_()
        -:  655:    *os << ", ";
        -:  656:  }
        -:  657:  UniversalPrinter<typename std::tuple_element<I - 1, T>::type>::Print(
        -:  658:      std::get<I - 1>(t), os);
        -:  659:}
        -:  660:
        -:  661:template <typename... Types>
        -:  662:void PrintTo(const ::std::tuple<Types...>& t, ::std::ostream* os) {
        -:  663:  *os << "(";
        -:  664:  PrintTupleTo(t, std::integral_constant<size_t, sizeof...(Types)>(), os);
        -:  665:  *os << ")";
        -:  666:}
        -:  667:
        -:  668:// Overload for std::pair.
        -:  669:template <typename T1, typename T2>
        -:  670:void PrintTo(const ::std::pair<T1, T2>& value, ::std::ostream* os) {
        -:  671:  *os << '(';
        -:  672:  // We cannot use UniversalPrint(value.first, os) here, as T1 may be
        -:  673:  // a reference type.  The same for printing value.second.
        -:  674:  UniversalPrinter<T1>::Print(value.first, os);
        -:  675:  *os << ", ";
        -:  676:  UniversalPrinter<T2>::Print(value.second, os);
        -:  677:  *os << ')';
        -:  678:}
        -:  679:
        -:  680:// Implements printing a non-reference type T by letting the compiler
        -:  681:// pick the right overload of PrintTo() for T.
        -:  682:template <typename T>
        -:  683:class UniversalPrinter {
        -:  684: public:
        -:  685:  // MSVC warns about adding const to a function type, so we want to
        -:  686:  // disable the warning.
        -:  687:  GTEST_DISABLE_MSC_WARNINGS_PUSH_(4180)
        -:  688:
        -:  689:  // Note: we deliberately don't call this PrintTo(), as that name
        -:  690:  // conflicts with ::testing::internal::PrintTo in the body of the
        -:  691:  // function.
function _ZN7testing8internal16UniversalPrinterIiE5PrintERKiPSo called 0 returned 0% blocks executed 0%
    #####:  692:  static void Print(const T& value, ::std::ostream* os) {
    $$$$$:  692-block  0
        -:  693:    // By default, ::testing::internal::PrintTo() is used for printing
        -:  694:    // the value.
        -:  695:    //
        -:  696:    // Thanks to Koenig look-up, if T is a class and has its own
        -:  697:    // PrintTo() function defined in its namespace, that function will
        -:  698:    // be visible here.  Since it is more specific than the generic ones
        -:  699:    // in ::testing::internal, it will be picked by the compiler in the
        -:  700:    // following statement - exactly what we want.
    #####:  701:    PrintTo(value, os);
    $$$$$:  701-block  0
call    0 never executed
    #####:  702:  }
        -:  703:
        -:  704:  GTEST_DISABLE_MSC_WARNINGS_POP_()
        -:  705:};
        -:  706:
        -:  707:// Remove any const-qualifiers before passing a type to UniversalPrinter.
        -:  708:template <typename T>
        -:  709:class UniversalPrinter<const T> : public UniversalPrinter<T> {};
        -:  710:
        -:  711:#if GTEST_INTERNAL_HAS_ANY
        -:  712:
        -:  713:// Printer for std::any / absl::any
        -:  714:
        -:  715:template <>
        -:  716:class UniversalPrinter<Any> {
        -:  717: public:
        -:  718:  static void Print(const Any& value, ::std::ostream* os) {
        -:  719:    if (value.has_value()) {
        -:  720:      *os << "value of type " << GetTypeName(value);
        -:  721:    } else {
        -:  722:      *os << "no value";
        -:  723:    }
        -:  724:  }
        -:  725:
        -:  726: private:
        -:  727:  static std::string GetTypeName(const Any& value) {
        -:  728:#if GTEST_HAS_RTTI
        -:  729:    return internal::GetTypeName(value.type());
        -:  730:#else
        -:  731:    static_cast<void>(value);  // possibly unused
        -:  732:    return "<unknown_type>";
        -:  733:#endif  // GTEST_HAS_RTTI
        -:  734:  }
        -:  735:};
        -:  736:
        -:  737:#endif  // GTEST_INTERNAL_HAS_ANY
        -:  738:
        -:  739:#if GTEST_INTERNAL_HAS_OPTIONAL
        -:  740:
        -:  741:// Printer for std::optional / absl::optional
        -:  742:
        -:  743:template <typename T>
        -:  744:class UniversalPrinter<Optional<T>> {
        -:  745: public:
        -:  746:  static void Print(const Optional<T>& value, ::std::ostream* os) {
        -:  747:    *os << '(';
        -:  748:    if (!value) {
        -:  749:      *os << "nullopt";
        -:  750:    } else {
        -:  751:      UniversalPrint(*value, os);
        -:  752:    }
        -:  753:    *os << ')';
        -:  754:  }
        -:  755:};
        -:  756:
        -:  757:template <>
        -:  758:class UniversalPrinter<decltype(Nullopt())> {
        -:  759: public:
        -:  760:  static void Print(decltype(Nullopt()), ::std::ostream* os) {
        -:  761:    *os << "(nullopt)";
        -:  762:  }
        -:  763:};
        -:  764:
        -:  765:#endif  // GTEST_INTERNAL_HAS_OPTIONAL
        -:  766:
        -:  767:#if GTEST_INTERNAL_HAS_VARIANT
        -:  768:
        -:  769:// Printer for std::variant / absl::variant
        -:  770:
        -:  771:template <typename... T>
        -:  772:class UniversalPrinter<Variant<T...>> {
        -:  773: public:
        -:  774:  static void Print(const Variant<T...>& value, ::std::ostream* os) {
        -:  775:    *os << '(';
        -:  776:#if GTEST_HAS_ABSL
        -:  777:    absl::visit(Visitor{os, value.index()}, value);
        -:  778:#else
        -:  779:    std::visit(Visitor{os, value.index()}, value);
        -:  780:#endif  // GTEST_HAS_ABSL
        -:  781:    *os << ')';
        -:  782:  }
        -:  783:
        -:  784: private:
        -:  785:  struct Visitor {
        -:  786:    template <typename U>
        -:  787:    void operator()(const U& u) const {
        -:  788:      *os << "'" << GetTypeName<U>() << "(index = " << index
        -:  789:          << ")' with value ";
        -:  790:      UniversalPrint(u, os);
        -:  791:    }
        -:  792:    ::std::ostream* os;
        -:  793:    std::size_t index;
        -:  794:  };
        -:  795:};
        -:  796:
        -:  797:#endif  // GTEST_INTERNAL_HAS_VARIANT
        -:  798:
        -:  799:// UniversalPrintArray(begin, len, os) prints an array of 'len'
        -:  800:// elements, starting at address 'begin'.
        -:  801:template <typename T>
        -:  802:void UniversalPrintArray(const T* begin, size_t len, ::std::ostream* os) {
        -:  803:  if (len == 0) {
        -:  804:    *os << "{}";
        -:  805:  } else {
        -:  806:    *os << "{ ";
        -:  807:    const size_t kThreshold = 18;
        -:  808:    const size_t kChunkSize = 8;
        -:  809:    // If the array has more than kThreshold elements, we'll have to
        -:  810:    // omit some details by printing only the first and the last
        -:  811:    // kChunkSize elements.
        -:  812:    if (len <= kThreshold) {
        -:  813:      PrintRawArrayTo(begin, len, os);
        -:  814:    } else {
        -:  815:      PrintRawArrayTo(begin, kChunkSize, os);
        -:  816:      *os << ", ..., ";
        -:  817:      PrintRawArrayTo(begin + len - kChunkSize, kChunkSize, os);
        -:  818:    }
        -:  819:    *os << " }";
        -:  820:  }
        -:  821:}
        -:  822:// This overload prints a (const) char array compactly.
        -:  823:GTEST_API_ void UniversalPrintArray(
        -:  824:    const char* begin, size_t len, ::std::ostream* os);
        -:  825:
        -:  826:#ifdef __cpp_char8_t
        -:  827:// This overload prints a (const) char8_t array compactly.
        -:  828:GTEST_API_ void UniversalPrintArray(const char8_t* begin, size_t len,
        -:  829:                                    ::std::ostream* os);
        -:  830:#endif
        -:  831:
        -:  832:// This overload prints a (const) char16_t array compactly.
        -:  833:GTEST_API_ void UniversalPrintArray(const char16_t* begin, size_t len,
        -:  834:                                    ::std::ostream* os);
        -:  835:
        -:  836:// This overload prints a (const) char32_t array compactly.
        -:  837:GTEST_API_ void UniversalPrintArray(const char32_t* begin, size_t len,
        -:  838:                                    ::std::ostream* os);
        -:  839:
        -:  840:// This overload prints a (const) wchar_t array compactly.
        -:  841:GTEST_API_ void UniversalPrintArray(
        -:  842:    const wchar_t* begin, size_t len, ::std::ostream* os);
        -:  843:
        -:  844:// Implements printing an array type T[N].
        -:  845:template <typename T, size_t N>
        -:  846:class UniversalPrinter<T[N]> {
        -:  847: public:
        -:  848:  // Prints the given array, omitting some elements when there are too
        -:  849:  // many.
        -:  850:  static void Print(const T (&a)[N], ::std::ostream* os) {
        -:  851:    UniversalPrintArray(a, N, os);
        -:  852:  }
        -:  853:};
        -:  854:
        -:  855:// Implements printing a reference type T&.
        -:  856:template <typename T>
        -:  857:class UniversalPrinter<T&> {
        -:  858: public:
        -:  859:  // MSVC warns about adding const to a function type, so we want to
        -:  860:  // disable the warning.
        -:  861:  GTEST_DISABLE_MSC_WARNINGS_PUSH_(4180)
        -:  862:
        -:  863:  static void Print(const T& value, ::std::ostream* os) {
        -:  864:    // Prints the address of the value.  We use reinterpret_cast here
        -:  865:    // as static_cast doesn't compile when T is a function type.
        -:  866:    *os << "@" << reinterpret_cast<const void*>(&value) << " ";
        -:  867:
        -:  868:    // Then prints the value itself.
        -:  869:    UniversalPrint(value, os);
        -:  870:  }
        -:  871:
        -:  872:  GTEST_DISABLE_MSC_WARNINGS_POP_()
        -:  873:};
        -:  874:
        -:  875:// Prints a value tersely: for a reference type, the referenced value
        -:  876:// (but not the address) is printed; for a (const) char pointer, the
        -:  877:// NUL-terminated string (but not the pointer) is printed.
        -:  878:
        -:  879:template <typename T>
        -:  880:class UniversalTersePrinter {
        -:  881: public:
function _ZN7testing8internal21UniversalTersePrinterIiE5PrintERKiPSo called 0 returned 0% blocks executed 0%
    #####:  882:  static void Print(const T& value, ::std::ostream* os) {
    $$$$$:  882-block  0
    #####:  883:    UniversalPrint(value, os);
    $$$$$:  883-block  0
call    0 never executed
    #####:  884:  }
        -:  885:};
        -:  886:template <typename T>
        -:  887:class UniversalTersePrinter<T&> {
        -:  888: public:
        -:  889:  static void Print(const T& value, ::std::ostream* os) {
        -:  890:    UniversalPrint(value, os);
        -:  891:  }
        -:  892:};
        -:  893:template <typename T, size_t N>
        -:  894:class UniversalTersePrinter<T[N]> {
        -:  895: public:
        -:  896:  static void Print(const T (&value)[N], ::std::ostream* os) {
        -:  897:    UniversalPrinter<T[N]>::Print(value, os);
        -:  898:  }
        -:  899:};
        -:  900:template <>
        -:  901:class UniversalTersePrinter<const char*> {
        -:  902: public:
        -:  903:  static void Print(const char* str, ::std::ostream* os) {
        -:  904:    if (str == nullptr) {
        -:  905:      *os << "NULL";
        -:  906:    } else {
        -:  907:      UniversalPrint(std::string(str), os);
        -:  908:    }
        -:  909:  }
        -:  910:};
        -:  911:template <>
        -:  912:class UniversalTersePrinter<char*> : public UniversalTersePrinter<const char*> {
        -:  913:};
        -:  914:
        -:  915:#ifdef __cpp_char8_t
        -:  916:template <>
        -:  917:class UniversalTersePrinter<const char8_t*> {
        -:  918: public:
        -:  919:  static void Print(const char8_t* str, ::std::ostream* os) {
        -:  920:    if (str == nullptr) {
        -:  921:      *os << "NULL";
        -:  922:    } else {
        -:  923:      UniversalPrint(::std::u8string(str), os);
        -:  924:    }
        -:  925:  }
        -:  926:};
        -:  927:template <>
        -:  928:class UniversalTersePrinter<char8_t*>
        -:  929:    : public UniversalTersePrinter<const char8_t*> {};
        -:  930:#endif
        -:  931:
        -:  932:template <>
        -:  933:class UniversalTersePrinter<const char16_t*> {
        -:  934: public:
        -:  935:  static void Print(const char16_t* str, ::std::ostream* os) {
        -:  936:    if (str == nullptr) {
        -:  937:      *os << "NULL";
        -:  938:    } else {
        -:  939:      UniversalPrint(::std::u16string(str), os);
        -:  940:    }
        -:  941:  }
        -:  942:};
        -:  943:template <>
        -:  944:class UniversalTersePrinter<char16_t*>
        -:  945:    : public UniversalTersePrinter<const char16_t*> {};
        -:  946:
        -:  947:template <>
        -:  948:class UniversalTersePrinter<const char32_t*> {
        -:  949: public:
        -:  950:  static void Print(const char32_t* str, ::std::ostream* os) {
        -:  951:    if (str == nullptr) {
        -:  952:      *os << "NULL";
        -:  953:    } else {
        -:  954:      UniversalPrint(::std::u32string(str), os);
        -:  955:    }
        -:  956:  }
        -:  957:};
        -:  958:template <>
        -:  959:class UniversalTersePrinter<char32_t*>
        -:  960:    : public UniversalTersePrinter<const char32_t*> {};
        -:  961:
        -:  962:#if GTEST_HAS_STD_WSTRING
        -:  963:template <>
        -:  964:class UniversalTersePrinter<const wchar_t*> {
        -:  965: public:
        -:  966:  static void Print(const wchar_t* str, ::std::ostream* os) {
        -:  967:    if (str == nullptr) {
        -:  968:      *os << "NULL";
        -:  969:    } else {
        -:  970:      UniversalPrint(::std::wstring(str), os);
        -:  971:    }
        -:  972:  }
        -:  973:};
        -:  974:#endif
        -:  975:
        -:  976:template <>
        -:  977:class UniversalTersePrinter<wchar_t*> {
        -:  978: public:
        -:  979:  static void Print(wchar_t* str, ::std::ostream* os) {
        -:  980:    UniversalTersePrinter<const wchar_t*>::Print(str, os);
        -:  981:  }
        -:  982:};
        -:  983:
        -:  984:template <typename T>
        -:  985:void UniversalTersePrint(const T& value, ::std::ostream* os) {
        -:  986:  UniversalTersePrinter<T>::Print(value, os);
        -:  987:}
        -:  988:
        -:  989:// Prints a value using the type inferred by the compiler.  The
        -:  990:// difference between this and UniversalTersePrint() is that for a
        -:  991:// (const) char pointer, this prints both the pointer and the
        -:  992:// NUL-terminated string.
        -:  993:template <typename T>
function _ZN7testing8internal14UniversalPrintIiEEvRKT_PSo called 0 returned 0% blocks executed 0%
    #####:  994:void UniversalPrint(const T& value, ::std::ostream* os) {
    $$$$$:  994-block  0
        -:  995:  // A workarond for the bug in VC++ 7.1 that prevents us from instantiating
        -:  996:  // UniversalPrinter with T directly.
        -:  997:  typedef T T1;
    #####:  998:  UniversalPrinter<T1>::Print(value, os);
    $$$$$:  998-block  0
call    0 never executed
    #####:  999:}
        -: 1000:
        -: 1001:typedef ::std::vector< ::std::string> Strings;
        -: 1002:
        -: 1003:  // Tersely prints the first N fields of a tuple to a string vector,
        -: 1004:  // one element for each field.
        -: 1005:template <typename Tuple>
        -: 1006:void TersePrintPrefixToStrings(const Tuple&, std::integral_constant<size_t, 0>,
        -: 1007:                               Strings*) {}
        -: 1008:template <typename Tuple, size_t I>
        -: 1009:void TersePrintPrefixToStrings(const Tuple& t,
        -: 1010:                               std::integral_constant<size_t, I>,
        -: 1011:                               Strings* strings) {
        -: 1012:  TersePrintPrefixToStrings(t, std::integral_constant<size_t, I - 1>(),
        -: 1013:                            strings);
        -: 1014:  ::std::stringstream ss;
        -: 1015:  UniversalTersePrint(std::get<I - 1>(t), &ss);
        -: 1016:  strings->push_back(ss.str());
        -: 1017:}
        -: 1018:
        -: 1019:// Prints the fields of a tuple tersely to a string vector, one
        -: 1020:// element for each field.  See the comment before
        -: 1021:// UniversalTersePrint() for how we define "tersely".
        -: 1022:template <typename Tuple>
        -: 1023:Strings UniversalTersePrintTupleFieldsToStrings(const Tuple& value) {
        -: 1024:  Strings result;
        -: 1025:  TersePrintPrefixToStrings(
        -: 1026:      value, std::integral_constant<size_t, std::tuple_size<Tuple>::value>(),
        -: 1027:      &result);
        -: 1028:  return result;
        -: 1029:}
        -: 1030:
        -: 1031:}  // namespace internal
        -: 1032:
        -: 1033:template <typename T>
function _ZN7testing13PrintToStringIiEENSt7__cxx1112basic_stringIcSt11char_traitsIcESaIcEEERKT_ called 0 returned 0% blocks executed 0%
    #####: 1034:::std::string PrintToString(const T& value) {
    $$$$$: 1034-block  0
    #####: 1035:  ::std::stringstream ss;
    $$$$$: 1035-block  0
call    0 never executed
call    1 never executed
branch  2 never executed
branch  3 never executed
    $$$$$: 1035-block  1
call    4 never executed
    %%%%%: 1035-block  2
call    5 never executed
    #####: 1036:  internal::UniversalTersePrinter<T>::Print(value, &ss);
    $$$$$: 1036-block  0
call    0 never executed
branch  1 never executed
branch  2 never executed
    #####: 1037:  return ss.str();
    $$$$$: 1037-block  0
call    0 never executed
branch  1 never executed
branch  2 never executed
    $$$$$: 1037-block  1
    $$$$$: 1037-block  2
        -: 1038:}
        -: 1039:
        -: 1040:}  // namespace testing
        -: 1041:
        -: 1042:// Include any custom printer added by the local installation.
        -: 1043:// We must include this header at the end to make sure it can use the
        -: 1044:// declarations from this file.
        -: 1045:#include "gtest/internal/custom/gtest-printers.h"
        -: 1046:
        -: 1047:#endif  // GOOGLETEST_INCLUDE_GTEST_GTEST_PRINTERS_H_
