        -:    0:Source:/home/gongxc/CLionProjects/misysTest/googletest/include/gtest/internal/gtest-port.h
        -:    0:Graph:/home/gongxc/CLionProjects/misysTest/cmake-build-debug/CMakeFiles/misysTest.dir/test/handleTest.cpp.gcno
        -:    0:Data:/home/gongxc/CLionProjects/misysTest/cmake-build-debug/CMakeFiles/misysTest.dir/test/handleTest.cpp.gcda
        -:    0:Runs:1
        -:    0:Programs:1
        -:    1:// Copyright 2005, Google Inc.
        -:    2:// All rights reserved.
        -:    3://
        -:    4:// Redistribution and use in source and binary forms, with or without
        -:    5:// modification, are permitted provided that the following conditions are
        -:    6:// met:
        -:    7://
        -:    8://     * Redistributions of source code must retain the above copyright
        -:    9:// notice, this list of conditions and the following disclaimer.
        -:   10://     * Redistributions in binary form must reproduce the above
        -:   11:// copyright notice, this list of conditions and the following disclaimer
        -:   12:// in the documentation and/or other materials provided with the
        -:   13:// distribution.
        -:   14://     * Neither the name of Google Inc. nor the names of its
        -:   15:// contributors may be used to endorse or promote products derived from
        -:   16:// this software without specific prior written permission.
        -:   17://
        -:   18:// THIS SOFTWARE IS PROVIDED BY THE COPYRIGHT HOLDERS AND CONTRIBUTORS
        -:   19:// "AS IS" AND ANY EXPRESS OR IMPLIED WARRANTIES, INCLUDING, BUT NOT
        -:   20:// LIMITED TO, THE IMPLIED WARRANTIES OF MERCHANTABILITY AND FITNESS FOR
        -:   21:// A PARTICULAR PURPOSE ARE DISCLAIMED. IN NO EVENT SHALL THE COPYRIGHT
        -:   22:// OWNER OR CONTRIBUTORS BE LIABLE FOR ANY DIRECT, INDIRECT, INCIDENTAL,
        -:   23:// SPECIAL, EXEMPLARY, OR CONSEQUENTIAL DAMAGES (INCLUDING, BUT NOT
        -:   24:// LIMITED TO, PROCUREMENT OF SUBSTITUTE GOODS OR SERVICES; LOSS OF USE,
        -:   25:// DATA, OR PROFITS; OR BUSINESS INTERRUPTION) HOWEVER CAUSED AND ON ANY
        -:   26:// THEORY OF LIABILITY, WHETHER IN CONTRACT, STRICT LIABILITY, OR TORT
        -:   27:// (INCLUDING NEGLIGENCE OR OTHERWISE) ARISING IN ANY WAY OUT OF THE USE
        -:   28:// OF THIS SOFTWARE, EVEN IF ADVISED OF THE POSSIBILITY OF SUCH DAMAGE.
        -:   29://
        -:   30:// Low-level types and utilities for porting Google Test to various
        -:   31:// platforms.  All macros ending with _ and symbols defined in an
        -:   32:// internal namespace are subject to change without notice.  Code
        -:   33:// outside Google Test MUST NOT USE THEM DIRECTLY.  Macros that don't
        -:   34:// end with _ are part of Google Test's public API and can be used by
        -:   35:// code outside Google Test.
        -:   36://
        -:   37:// This file is fundamental to Google Test.  All other Google Test source
        -:   38:// files are expected to #include this.  Therefore, it cannot #include
        -:   39:// any other Google Test header.
        -:   40:
        -:   41:#ifndef GOOGLETEST_INCLUDE_GTEST_INTERNAL_GTEST_PORT_H_
        -:   42:#define GOOGLETEST_INCLUDE_GTEST_INTERNAL_GTEST_PORT_H_
        -:   43:
        -:   44:// Environment-describing macros
        -:   45:// -----------------------------
        -:   46://
        -:   47:// Google Test can be used in many different environments.  Macros in
        -:   48:// this section tell Google Test what kind of environment it is being
        -:   49:// used in, such that Google Test can provide environment-specific
        -:   50:// features and implementations.
        -:   51://
        -:   52:// Google Test tries to automatically detect the properties of its
        -:   53:// environment, so users usually don't need to worry about these
        -:   54:// macros.  However, the automatic detection is not perfect.
        -:   55:// Sometimes it's necessary for a user to define some of the following
        -:   56:// macros in the build script to override Google Test's decisions.
        -:   57://
        -:   58:// If the user doesn't define a macro in the list, Google Test will
        -:   59:// provide a default definition.  After this header is #included, all
        -:   60:// macros in this list will be defined to either 1 or 0.
        -:   61://
        -:   62:// Notes to maintainers:
        -:   63://   - Each macro here is a user-tweakable knob; do not grow the list
        -:   64://     lightly.
        -:   65://   - Use #if to key off these macros.  Don't use #ifdef or "#if
        -:   66://     defined(...)", which will not work as these macros are ALWAYS
        -:   67://     defined.
        -:   68://
        -:   69://   GTEST_HAS_CLONE          - Define it to 1/0 to indicate that clone(2)
        -:   70://                              is/isn't available.
        -:   71://   GTEST_HAS_EXCEPTIONS     - Define it to 1/0 to indicate that exceptions
        -:   72://                              are enabled.
        -:   73://   GTEST_HAS_POSIX_RE       - Define it to 1/0 to indicate that POSIX regular
        -:   74://                              expressions are/aren't available.
        -:   75://   GTEST_HAS_PTHREAD        - Define it to 1/0 to indicate that <pthread.h>
        -:   76://                              is/isn't available.
        -:   77://   GTEST_HAS_RTTI           - Define it to 1/0 to indicate that RTTI is/isn't
        -:   78://                              enabled.
        -:   79://   GTEST_HAS_STD_WSTRING    - Define it to 1/0 to indicate that
        -:   80://                              std::wstring does/doesn't work (Google Test can
        -:   81://                              be used where std::wstring is unavailable).
        -:   82://   GTEST_HAS_SEH            - Define it to 1/0 to indicate whether the
        -:   83://                              compiler supports Microsoft's "Structured
        -:   84://                              Exception Handling".
        -:   85://   GTEST_HAS_STREAM_REDIRECTION
        -:   86://                            - Define it to 1/0 to indicate whether the
        -:   87://                              platform supports I/O stream redirection using
        -:   88://                              dup() and dup2().
        -:   89://   GTEST_LINKED_AS_SHARED_LIBRARY
        -:   90://                            - Define to 1 when compiling tests that use
        -:   91://                              Google Test as a shared library (known as
        -:   92://                              DLL on Windows).
        -:   93://   GTEST_CREATE_SHARED_LIBRARY
        -:   94://                            - Define to 1 when compiling Google Test itself
        -:   95://                              as a shared library.
        -:   96://   GTEST_DEFAULT_DEATH_TEST_STYLE
        -:   97://                            - The default value of --gtest_death_test_style.
        -:   98://                              The legacy default has been "fast" in the open
        -:   99://                              source version since 2008. The recommended value
        -:  100://                              is "threadsafe", and can be set in
        -:  101://                              custom/gtest-port.h.
        -:  102:
        -:  103:// Platform-indicating macros
        -:  104:// --------------------------
        -:  105://
        -:  106:// Macros indicating the platform on which Google Test is being used
        -:  107:// (a macro is defined to 1 if compiled on the given platform;
        -:  108:// otherwise UNDEFINED -- it's never defined to 0.).  Google Test
        -:  109:// defines these macros automatically.  Code outside Google Test MUST
        -:  110:// NOT define them.
        -:  111://
        -:  112://   GTEST_OS_AIX      - IBM AIX
        -:  113://   GTEST_OS_CYGWIN   - Cygwin
        -:  114://   GTEST_OS_DRAGONFLY - DragonFlyBSD
        -:  115://   GTEST_OS_FREEBSD  - FreeBSD
        -:  116://   GTEST_OS_FUCHSIA  - Fuchsia
        -:  117://   GTEST_OS_GNU_HURD - GNU/Hurd
        -:  118://   GTEST_OS_GNU_KFREEBSD - GNU/kFreeBSD
        -:  119://   GTEST_OS_HAIKU    - Haiku
        -:  120://   GTEST_OS_HPUX     - HP-UX
        -:  121://   GTEST_OS_LINUX    - Linux
        -:  122://     GTEST_OS_LINUX_ANDROID - Google Android
        -:  123://   GTEST_OS_MAC      - Mac OS X
        -:  124://     GTEST_OS_IOS    - iOS
        -:  125://   GTEST_OS_NACL     - Google Native Client (NaCl)
        -:  126://   GTEST_OS_NETBSD   - NetBSD
        -:  127://   GTEST_OS_OPENBSD  - OpenBSD
        -:  128://   GTEST_OS_OS2      - OS/2
        -:  129://   GTEST_OS_QNX      - QNX
        -:  130://   GTEST_OS_SOLARIS  - Sun Solaris
        -:  131://   GTEST_OS_WINDOWS  - Windows (Desktop, MinGW, or Mobile)
        -:  132://     GTEST_OS_WINDOWS_DESKTOP  - Windows Desktop
        -:  133://     GTEST_OS_WINDOWS_MINGW    - MinGW
        -:  134://     GTEST_OS_WINDOWS_MOBILE   - Windows Mobile
        -:  135://     GTEST_OS_WINDOWS_PHONE    - Windows Phone
        -:  136://     GTEST_OS_WINDOWS_RT       - Windows Store App/WinRT
        -:  137://   GTEST_OS_ZOS      - z/OS
        -:  138://
        -:  139:// Among the platforms, Cygwin, Linux, Mac OS X, and Windows have the
        -:  140:// most stable support.  Since core members of the Google Test project
        -:  141:// don't have access to other platforms, support for them may be less
        -:  142:// stable.  If you notice any problems on your platform, please notify
        -:  143:// googletestframework@googlegroups.com (patches for fixing them are
        -:  144:// even more welcome!).
        -:  145://
        -:  146:// It is possible that none of the GTEST_OS_* macros are defined.
        -:  147:
        -:  148:// Feature-indicating macros
        -:  149:// -------------------------
        -:  150://
        -:  151:// Macros indicating which Google Test features are available (a macro
        -:  152:// is defined to 1 if the corresponding feature is supported;
        -:  153:// otherwise UNDEFINED -- it's never defined to 0.).  Google Test
        -:  154:// defines these macros automatically.  Code outside Google Test MUST
        -:  155:// NOT define them.
        -:  156://
        -:  157:// These macros are public so that portable tests can be written.
        -:  158:// Such tests typically surround code using a feature with an #if
        -:  159:// which controls that code.  For example:
        -:  160://
        -:  161:// #if GTEST_HAS_DEATH_TEST
        -:  162://   EXPECT_DEATH(DoSomethingDeadly());
        -:  163:// #endif
        -:  164://
        -:  165://   GTEST_HAS_DEATH_TEST   - death tests
        -:  166://   GTEST_HAS_TYPED_TEST   - typed tests
        -:  167://   GTEST_HAS_TYPED_TEST_P - type-parameterized tests
        -:  168://   GTEST_IS_THREADSAFE    - Google Test is thread-safe.
        -:  169://   GTEST_USES_POSIX_RE    - enhanced POSIX regex is used. Do not confuse with
        -:  170://                            GTEST_HAS_POSIX_RE (see above) which users can
        -:  171://                            define themselves.
        -:  172://   GTEST_USES_SIMPLE_RE   - our own simple regex is used;
        -:  173://                            the above RE\b(s) are mutually exclusive.
        -:  174:
        -:  175:// Misc public macros
        -:  176:// ------------------
        -:  177://
        -:  178://   GTEST_FLAG(flag_name)  - references the variable corresponding to
        -:  179://                            the given Google Test flag.
        -:  180:
        -:  181:// Internal utilities
        -:  182:// ------------------
        -:  183://
        -:  184:// The following macros and utilities are for Google Test's INTERNAL
        -:  185:// use only.  Code outside Google Test MUST NOT USE THEM DIRECTLY.
        -:  186://
        -:  187:// Macros for basic C++ coding:
        -:  188://   GTEST_AMBIGUOUS_ELSE_BLOCKER_ - for disabling a gcc warning.
        -:  189://   GTEST_ATTRIBUTE_UNUSED_  - declares that a class' instances or a
        -:  190://                              variable don't have to be used.
        -:  191://   GTEST_DISALLOW_ASSIGN_   - disables copy operator=.
        -:  192://   GTEST_DISALLOW_COPY_AND_ASSIGN_ - disables copy ctor and operator=.
        -:  193://   GTEST_DISALLOW_MOVE_ASSIGN_   - disables move operator=.
        -:  194://   GTEST_DISALLOW_MOVE_AND_ASSIGN_ - disables move ctor and operator=.
        -:  195://   GTEST_MUST_USE_RESULT_   - declares that a function's result must be used.
        -:  196://   GTEST_INTENTIONAL_CONST_COND_PUSH_ - start code section where MSVC C4127 is
        -:  197://                                        suppressed (constant conditional).
        -:  198://   GTEST_INTENTIONAL_CONST_COND_POP_  - finish code section where MSVC C4127
        -:  199://                                        is suppressed.
        -:  200://   GTEST_INTERNAL_HAS_ANY - for enabling UniversalPrinter<std::any> or
        -:  201://                            UniversalPrinter<absl::any> specializations.
        -:  202://   GTEST_INTERNAL_HAS_OPTIONAL - for enabling UniversalPrinter<std::optional>
        -:  203://   or
        -:  204://                                 UniversalPrinter<absl::optional>
        -:  205://                                 specializations.
        -:  206://   GTEST_INTERNAL_HAS_STRING_VIEW - for enabling Matcher<std::string_view> or
        -:  207://                                    Matcher<absl::string_view>
        -:  208://                                    specializations.
        -:  209://   GTEST_INTERNAL_HAS_VARIANT - for enabling UniversalPrinter<std::variant> or
        -:  210://                                UniversalPrinter<absl::variant>
        -:  211://                                specializations.
        -:  212://
        -:  213:// Synchronization:
        -:  214://   Mutex, MutexLock, ThreadLocal, GetThreadCount()
        -:  215://                            - synchronization primitives.
        -:  216://
        -:  217:// Regular expressions:
        -:  218://   RE             - a simple regular expression class using the POSIX
        -:  219://                    Extended Regular Expression syntax on UNIX-like platforms
        -:  220://                    or a reduced regular exception syntax on other
        -:  221://                    platforms, including Windows.
        -:  222:// Logging:
        -:  223://   GTEST_LOG_()   - logs messages at the specified severity level.
        -:  224://   LogToStderr()  - directs all log messages to stderr.
        -:  225://   FlushInfoLog() - flushes informational log messages.
        -:  226://
        -:  227:// Stdout and stderr capturing:
        -:  228://   CaptureStdout()     - starts capturing stdout.
        -:  229://   GetCapturedStdout() - stops capturing stdout and returns the captured
        -:  230://                         string.
        -:  231://   CaptureStderr()     - starts capturing stderr.
        -:  232://   GetCapturedStderr() - stops capturing stderr and returns the captured
        -:  233://                         string.
        -:  234://
        -:  235:// Integer types:
        -:  236://   TypeWithSize   - maps an integer to a int type.
        -:  237://   TimeInMillis   - integers of known sizes.
        -:  238://   BiggestInt     - the biggest signed integer type.
        -:  239://
        -:  240:// Command-line utilities:
        -:  241://   GTEST_DECLARE_*()  - declares a flag.
        -:  242://   GTEST_DEFINE_*()   - defines a flag.
        -:  243://   GetInjectableArgvs() - returns the command line as a vector of strings.
        -:  244://
        -:  245:// Environment variable utilities:
        -:  246://   GetEnv()             - gets the value of an environment variable.
        -:  247://   BoolFromGTestEnv()   - parses a bool environment variable.
        -:  248://   Int32FromGTestEnv()  - parses an int32_t environment variable.
        -:  249://   StringFromGTestEnv() - parses a string environment variable.
        -:  250://
        -:  251:// Deprecation warnings:
        -:  252://   GTEST_INTERNAL_DEPRECATED(message) - attribute marking a function as
        -:  253://                                        deprecated; calling a marked function
        -:  254://                                        should generate a compiler warning
        -:  255:
        -:  256:#include <ctype.h>   // for isspace, etc
        -:  257:#include <stddef.h>  // for ptrdiff_t
        -:  258:#include <stdio.h>
        -:  259:#include <stdlib.h>
        -:  260:#include <string.h>
        -:  261:
        -:  262:#include <cerrno>
        -:  263:// #include <condition_variable>  // Guarded by GTEST_IS_THREADSAFE below
        -:  264:#include <cstdint>
        -:  265:#include <iostream>
        -:  266:#include <limits>
        -:  267:#include <locale>
        -:  268:#include <memory>
        -:  269:#include <string>
        -:  270:// #include <mutex>  // Guarded by GTEST_IS_THREADSAFE below
        -:  271:#include <tuple>
        -:  272:#include <type_traits>
        -:  273:#include <vector>
        -:  274:
        -:  275:#ifndef _WIN32_WCE
        -:  276:# include <sys/types.h>
        -:  277:# include <sys/stat.h>
        -:  278:#endif  // !_WIN32_WCE
        -:  279:
        -:  280:#if defined __APPLE__
        -:  281:# include <AvailabilityMacros.h>
        -:  282:# include <TargetConditionals.h>
        -:  283:#endif
        -:  284:
        -:  285:#include "gtest/internal/custom/gtest-port.h"
        -:  286:#include "gtest/internal/gtest-port-arch.h"
        -:  287:
        -:  288:#if !defined(GTEST_DEV_EMAIL_)
        -:  289:# define GTEST_DEV_EMAIL_ "googletestframework@@googlegroups.com"
        -:  290:# define GTEST_FLAG_PREFIX_ "gtest_"
        -:  291:# define GTEST_FLAG_PREFIX_DASH_ "gtest-"
        -:  292:# define GTEST_FLAG_PREFIX_UPPER_ "GTEST_"
        -:  293:# define GTEST_NAME_ "Google Test"
        -:  294:# define GTEST_PROJECT_URL_ "https://github.com/google/googletest/"
        -:  295:#endif  // !defined(GTEST_DEV_EMAIL_)
        -:  296:
        -:  297:#if !defined(GTEST_INIT_GOOGLE_TEST_NAME_)
        -:  298:# define GTEST_INIT_GOOGLE_TEST_NAME_ "testing::InitGoogleTest"
        -:  299:#endif  // !defined(GTEST_INIT_GOOGLE_TEST_NAME_)
        -:  300:
        -:  301:// Determines the version of gcc that is used to compile this.
        -:  302:#ifdef __GNUC__
        -:  303:// 40302 means version 4.3.2.
        -:  304:# define GTEST_GCC_VER_ \
        -:  305:    (__GNUC__*10000 + __GNUC_MINOR__*100 + __GNUC_PATCHLEVEL__)
        -:  306:#endif  // __GNUC__
        -:  307:
        -:  308:// Macros for disabling Microsoft Visual C++ warnings.
        -:  309://
        -:  310://   GTEST_DISABLE_MSC_WARNINGS_PUSH_(4800 4385)
        -:  311://   /* code that triggers warnings C4800 and C4385 */
        -:  312://   GTEST_DISABLE_MSC_WARNINGS_POP_()
        -:  313:#if defined(_MSC_VER)
        -:  314:# define GTEST_DISABLE_MSC_WARNINGS_PUSH_(warnings) \
        -:  315:    __pragma(warning(push))                        \
        -:  316:    __pragma(warning(disable: warnings))
        -:  317:# define GTEST_DISABLE_MSC_WARNINGS_POP_()          \
        -:  318:    __pragma(warning(pop))
        -:  319:#else
        -:  320:// Not all compilers are MSVC
        -:  321:# define GTEST_DISABLE_MSC_WARNINGS_PUSH_(warnings)
        -:  322:# define GTEST_DISABLE_MSC_WARNINGS_POP_()
        -:  323:#endif
        -:  324:
        -:  325:// Clang on Windows does not understand MSVC's pragma warning.
        -:  326:// We need clang-specific way to disable function deprecation warning.
        -:  327:#ifdef __clang__
        -:  328:# define GTEST_DISABLE_MSC_DEPRECATED_PUSH_()                         \
        -:  329:    _Pragma("clang diagnostic push")                                  \
        -:  330:    _Pragma("clang diagnostic ignored \"-Wdeprecated-declarations\"") \
        -:  331:    _Pragma("clang diagnostic ignored \"-Wdeprecated-implementations\"")
        -:  332:#define GTEST_DISABLE_MSC_DEPRECATED_POP_() \
        -:  333:    _Pragma("clang diagnostic pop")
        -:  334:#else
        -:  335:# define GTEST_DISABLE_MSC_DEPRECATED_PUSH_() \
        -:  336:    GTEST_DISABLE_MSC_WARNINGS_PUSH_(4996)
        -:  337:# define GTEST_DISABLE_MSC_DEPRECATED_POP_() \
        -:  338:    GTEST_DISABLE_MSC_WARNINGS_POP_()
        -:  339:#endif
        -:  340:
        -:  341:// Brings in definitions for functions used in the testing::internal::posix
        -:  342:// namespace (read, write, close, chdir, isatty, stat). We do not currently
        -:  343:// use them on Windows Mobile.
        -:  344:#if GTEST_OS_WINDOWS
        -:  345:# if !GTEST_OS_WINDOWS_MOBILE
        -:  346:#  include <direct.h>
        -:  347:#  include <io.h>
        -:  348:# endif
        -:  349:// In order to avoid having to include <windows.h>, use forward declaration
        -:  350:#if GTEST_OS_WINDOWS_MINGW && !defined(__MINGW64_VERSION_MAJOR)
        -:  351:// MinGW defined _CRITICAL_SECTION and _RTL_CRITICAL_SECTION as two
        -:  352:// separate (equivalent) structs, instead of using typedef
        -:  353:typedef struct _CRITICAL_SECTION GTEST_CRITICAL_SECTION;
        -:  354:#else
        -:  355:// Assume CRITICAL_SECTION is a typedef of _RTL_CRITICAL_SECTION.
        -:  356:// This assumption is verified by
        -:  357:// WindowsTypesTest.CRITICAL_SECTIONIs_RTL_CRITICAL_SECTION.
        -:  358:typedef struct _RTL_CRITICAL_SECTION GTEST_CRITICAL_SECTION;
        -:  359:#endif
        -:  360:#elif GTEST_OS_XTENSA
        -:  361:#include <unistd.h>
        -:  362:// Xtensa toolchains define strcasecmp in the string.h header instead of
        -:  363:// strings.h. string.h is already included.
        -:  364:#else
        -:  365:// This assumes that non-Windows OSes provide unistd.h. For OSes where this
        -:  366:// is not the case, we need to include headers that provide the functions
        -:  367:// mentioned above.
        -:  368:# include <unistd.h>
        -:  369:# include <strings.h>
        -:  370:#endif  // GTEST_OS_WINDOWS
        -:  371:
        -:  372:#if GTEST_OS_LINUX_ANDROID
        -:  373:// Used to define __ANDROID_API__ matching the target NDK API level.
        -:  374:#  include <android/api-level.h>  // NOLINT
        -:  375:#endif
        -:  376:
        -:  377:// Defines this to true if and only if Google Test can use POSIX regular
        -:  378:// expressions.
        -:  379:#ifndef GTEST_HAS_POSIX_RE
        -:  380:# if GTEST_OS_LINUX_ANDROID
        -:  381:// On Android, <regex.h> is only available starting with Gingerbread.
        -:  382:#  define GTEST_HAS_POSIX_RE (__ANDROID_API__ >= 9)
        -:  383:# else
        -:  384:#define GTEST_HAS_POSIX_RE (!GTEST_OS_WINDOWS && !GTEST_OS_XTENSA)
        -:  385:# endif
        -:  386:#endif
        -:  387:
        -:  388:#if GTEST_USES_PCRE
        -:  389:// The appropriate headers have already been included.
        -:  390:
        -:  391:#elif GTEST_HAS_POSIX_RE
        -:  392:
        -:  393:// On some platforms, <regex.h> needs someone to define size_t, and
        -:  394:// won't compile otherwise.  We can #include it here as we already
        -:  395:// included <stdlib.h>, which is guaranteed to define size_t through
        -:  396:// <stddef.h>.
        -:  397:# include <regex.h>  // NOLINT
        -:  398:
        -:  399:# define GTEST_USES_POSIX_RE 1
        -:  400:
        -:  401:#elif GTEST_OS_WINDOWS
        -:  402:
        -:  403:// <regex.h> is not available on Windows.  Use our own simple regex
        -:  404:// implementation instead.
        -:  405:# define GTEST_USES_SIMPLE_RE 1
        -:  406:
        -:  407:#else
        -:  408:
        -:  409:// <regex.h> may not be available on this platform.  Use our own
        -:  410:// simple regex implementation instead.
        -:  411:# define GTEST_USES_SIMPLE_RE 1
        -:  412:
        -:  413:#endif  // GTEST_USES_PCRE
        -:  414:
        -:  415:#ifndef GTEST_HAS_EXCEPTIONS
        -:  416:// The user didn't tell us whether exceptions are enabled, so we need
        -:  417:// to figure it out.
        -:  418:# if defined(_MSC_VER) && defined(_CPPUNWIND)
        -:  419:// MSVC defines _CPPUNWIND to 1 if and only if exceptions are enabled.
        -:  420:#  define GTEST_HAS_EXCEPTIONS 1
        -:  421:# elif defined(__BORLANDC__)
        -:  422:// C++Builder's implementation of the STL uses the _HAS_EXCEPTIONS
        -:  423:// macro to enable exceptions, so we'll do the same.
        -:  424:// Assumes that exceptions are enabled by default.
        -:  425:#  ifndef _HAS_EXCEPTIONS
        -:  426:#   define _HAS_EXCEPTIONS 1
        -:  427:#  endif  // _HAS_EXCEPTIONS
        -:  428:#  define GTEST_HAS_EXCEPTIONS _HAS_EXCEPTIONS
        -:  429:# elif defined(__clang__)
        -:  430:// clang defines __EXCEPTIONS if and only if exceptions are enabled before clang
        -:  431:// 220714, but if and only if cleanups are enabled after that. In Obj-C++ files,
        -:  432:// there can be cleanups for ObjC exceptions which also need cleanups, even if
        -:  433:// C++ exceptions are disabled. clang has __has_feature(cxx_exceptions) which
        -:  434:// checks for C++ exceptions starting at clang r206352, but which checked for
        -:  435:// cleanups prior to that. To reliably check for C++ exception availability with
        -:  436:// clang, check for
        -:  437:// __EXCEPTIONS && __has_feature(cxx_exceptions).
        -:  438:#  define GTEST_HAS_EXCEPTIONS (__EXCEPTIONS && __has_feature(cxx_exceptions))
        -:  439:# elif defined(__GNUC__) && __EXCEPTIONS
        -:  440:// gcc defines __EXCEPTIONS to 1 if and only if exceptions are enabled.
        -:  441:#  define GTEST_HAS_EXCEPTIONS 1
        -:  442:# elif defined(__SUNPRO_CC)
        -:  443:// Sun Pro CC supports exceptions.  However, there is no compile-time way of
        -:  444:// detecting whether they are enabled or not.  Therefore, we assume that
        -:  445:// they are enabled unless the user tells us otherwise.
        -:  446:#  define GTEST_HAS_EXCEPTIONS 1
        -:  447:# elif defined(__IBMCPP__) && __EXCEPTIONS
        -:  448:// xlC defines __EXCEPTIONS to 1 if and only if exceptions are enabled.
        -:  449:#  define GTEST_HAS_EXCEPTIONS 1
        -:  450:# elif defined(__HP_aCC)
        -:  451:// Exception handling is in effect by default in HP aCC compiler. It has to
        -:  452:// be turned of by +noeh compiler option if desired.
        -:  453:#  define GTEST_HAS_EXCEPTIONS 1
        -:  454:# else
        -:  455:// For other compilers, we assume exceptions are disabled to be
        -:  456:// conservative.
        -:  457:#  define GTEST_HAS_EXCEPTIONS 0
        -:  458:# endif  // defined(_MSC_VER) || defined(__BORLANDC__)
        -:  459:#endif  // GTEST_HAS_EXCEPTIONS
        -:  460:
        -:  461:#ifndef GTEST_HAS_STD_WSTRING
        -:  462:// The user didn't tell us whether ::std::wstring is available, so we need
        -:  463:// to figure it out.
        -:  464:// Cygwin 1.7 and below doesn't support ::std::wstring.
        -:  465:// Solaris' libc++ doesn't support it either.  Android has
        -:  466:// no support for it at least as recent as Froyo (2.2).
        -:  467:#define GTEST_HAS_STD_WSTRING                                         \
        -:  468:  (!(GTEST_OS_LINUX_ANDROID || GTEST_OS_CYGWIN || GTEST_OS_SOLARIS || \
        -:  469:     GTEST_OS_HAIKU || GTEST_OS_ESP32 || GTEST_OS_ESP8266 || GTEST_OS_XTENSA))
        -:  470:
        -:  471:#endif  // GTEST_HAS_STD_WSTRING
        -:  472:
        -:  473:// Determines whether RTTI is available.
        -:  474:#ifndef GTEST_HAS_RTTI
        -:  475:// The user didn't tell us whether RTTI is enabled, so we need to
        -:  476:// figure it out.
        -:  477:
        -:  478:# ifdef _MSC_VER
        -:  479:
        -:  480:#ifdef _CPPRTTI  // MSVC defines this macro if and only if RTTI is enabled.
        -:  481:#   define GTEST_HAS_RTTI 1
        -:  482:#  else
        -:  483:#   define GTEST_HAS_RTTI 0
        -:  484:#  endif
        -:  485:
        -:  486:// Starting with version 4.3.2, gcc defines __GXX_RTTI if and only if RTTI is
        -:  487:// enabled.
        -:  488:# elif defined(__GNUC__)
        -:  489:
        -:  490:#  ifdef __GXX_RTTI
        -:  491:// When building against STLport with the Android NDK and with
        -:  492:// -frtti -fno-exceptions, the build fails at link time with undefined
        -:  493:// references to __cxa_bad_typeid. Note sure if STL or toolchain bug,
        -:  494:// so disable RTTI when detected.
        -:  495:#   if GTEST_OS_LINUX_ANDROID && defined(_STLPORT_MAJOR) && \
        -:  496:       !defined(__EXCEPTIONS)
        -:  497:#    define GTEST_HAS_RTTI 0
        -:  498:#   else
        -:  499:#    define GTEST_HAS_RTTI 1
        -:  500:#   endif  // GTEST_OS_LINUX_ANDROID && __STLPORT_MAJOR && !__EXCEPTIONS
        -:  501:#  else
        -:  502:#   define GTEST_HAS_RTTI 0
        -:  503:#  endif  // __GXX_RTTI
        -:  504:
        -:  505:// Clang defines __GXX_RTTI starting with version 3.0, but its manual recommends
        -:  506:// using has_feature instead. has_feature(cxx_rtti) is supported since 2.7, the
        -:  507:// first version with C++ support.
        -:  508:# elif defined(__clang__)
        -:  509:
        -:  510:#  define GTEST_HAS_RTTI __has_feature(cxx_rtti)
        -:  511:
        -:  512:// Starting with version 9.0 IBM Visual Age defines __RTTI_ALL__ to 1 if
        -:  513:// both the typeid and dynamic_cast features are present.
        -:  514:# elif defined(__IBMCPP__) && (__IBMCPP__ >= 900)
        -:  515:
        -:  516:#  ifdef __RTTI_ALL__
        -:  517:#   define GTEST_HAS_RTTI 1
        -:  518:#  else
        -:  519:#   define GTEST_HAS_RTTI 0
        -:  520:#  endif
        -:  521:
        -:  522:# else
        -:  523:
        -:  524:// For all other compilers, we assume RTTI is enabled.
        -:  525:#  define GTEST_HAS_RTTI 1
        -:  526:
        -:  527:# endif  // _MSC_VER
        -:  528:
        -:  529:#endif  // GTEST_HAS_RTTI
        -:  530:
        -:  531:// It's this header's responsibility to #include <typeinfo> when RTTI
        -:  532:// is enabled.
        -:  533:#if GTEST_HAS_RTTI
        -:  534:# include <typeinfo>
        -:  535:#endif
        -:  536:
        -:  537:// Determines whether Google Test can use the pthreads library.
        -:  538:#ifndef GTEST_HAS_PTHREAD
        -:  539:// The user didn't tell us explicitly, so we make reasonable assumptions about
        -:  540:// which platforms have pthreads support.
        -:  541://
        -:  542:// To disable threading support in Google Test, add -DGTEST_HAS_PTHREAD=0
        -:  543:// to your compiler flags.
        -:  544:#define GTEST_HAS_PTHREAD                                                      \
        -:  545:  (GTEST_OS_LINUX || GTEST_OS_MAC || GTEST_OS_HPUX || GTEST_OS_QNX ||          \
        -:  546:   GTEST_OS_FREEBSD || GTEST_OS_NACL || GTEST_OS_NETBSD || GTEST_OS_FUCHSIA || \
        -:  547:   GTEST_OS_DRAGONFLY || GTEST_OS_GNU_KFREEBSD || GTEST_OS_OPENBSD ||          \
        -:  548:   GTEST_OS_HAIKU || GTEST_OS_GNU_HURD)
        -:  549:#endif  // GTEST_HAS_PTHREAD
        -:  550:
        -:  551:#if GTEST_HAS_PTHREAD
        -:  552:// gtest-port.h guarantees to #include <pthread.h> when GTEST_HAS_PTHREAD is
        -:  553:// true.
        -:  554:# include <pthread.h>  // NOLINT
        -:  555:
        -:  556:// For timespec and nanosleep, used below.
        -:  557:# include <time.h>  // NOLINT
        -:  558:#endif
        -:  559:
        -:  560:// Determines whether clone(2) is supported.
        -:  561:// Usually it will only be available on Linux, excluding
        -:  562:// Linux on the Itanium architecture.
        -:  563:// Also see http://linux.die.net/man/2/clone.
        -:  564:#ifndef GTEST_HAS_CLONE
        -:  565:// The user didn't tell us, so we need to figure it out.
        -:  566:
        -:  567:# if GTEST_OS_LINUX && !defined(__ia64__)
        -:  568:#  if GTEST_OS_LINUX_ANDROID
        -:  569:// On Android, clone() became available at different API levels for each 32-bit
        -:  570:// architecture.
        -:  571:#    if defined(__LP64__) || \
        -:  572:        (defined(__arm__) && __ANDROID_API__ >= 9) || \
        -:  573:        (defined(__mips__) && __ANDROID_API__ >= 12) || \
        -:  574:        (defined(__i386__) && __ANDROID_API__ >= 17)
        -:  575:#     define GTEST_HAS_CLONE 1
        -:  576:#    else
        -:  577:#     define GTEST_HAS_CLONE 0
        -:  578:#    endif
        -:  579:#  else
        -:  580:#   define GTEST_HAS_CLONE 1
        -:  581:#  endif
        -:  582:# else
        -:  583:#  define GTEST_HAS_CLONE 0
        -:  584:# endif  // GTEST_OS_LINUX && !defined(__ia64__)
        -:  585:
        -:  586:#endif  // GTEST_HAS_CLONE
        -:  587:
        -:  588:// Determines whether to support stream redirection. This is used to test
        -:  589:// output correctness and to implement death tests.
        -:  590:#ifndef GTEST_HAS_STREAM_REDIRECTION
        -:  591:// By default, we assume that stream redirection is supported on all
        -:  592:// platforms except known mobile ones.
        -:  593:#if GTEST_OS_WINDOWS_MOBILE || GTEST_OS_WINDOWS_PHONE || \
        -:  594:    GTEST_OS_WINDOWS_RT || GTEST_OS_ESP8266 || GTEST_OS_XTENSA
        -:  595:#  define GTEST_HAS_STREAM_REDIRECTION 0
        -:  596:# else
        -:  597:#  define GTEST_HAS_STREAM_REDIRECTION 1
        -:  598:# endif  // !GTEST_OS_WINDOWS_MOBILE
        -:  599:#endif  // GTEST_HAS_STREAM_REDIRECTION
        -:  600:
        -:  601:// Determines whether to support death tests.
        -:  602:// pops up a dialog window that cannot be suppressed programmatically.
        -:  603:#if (GTEST_OS_LINUX || GTEST_OS_CYGWIN || GTEST_OS_SOLARIS ||             \
        -:  604:     (GTEST_OS_MAC && !GTEST_OS_IOS) ||                                   \
        -:  605:     (GTEST_OS_WINDOWS_DESKTOP && _MSC_VER) || GTEST_OS_WINDOWS_MINGW ||  \
        -:  606:     GTEST_OS_AIX || GTEST_OS_HPUX || GTEST_OS_OPENBSD || GTEST_OS_QNX || \
        -:  607:     GTEST_OS_FREEBSD || GTEST_OS_NETBSD || GTEST_OS_FUCHSIA ||           \
        -:  608:     GTEST_OS_DRAGONFLY || GTEST_OS_GNU_KFREEBSD || GTEST_OS_HAIKU ||     \
        -:  609:     GTEST_OS_GNU_HURD)
        -:  610:# define GTEST_HAS_DEATH_TEST 1
        -:  611:#endif
        -:  612:
        -:  613:// Determines whether to support type-driven tests.
        -:  614:
        -:  615:// Typed tests need <typeinfo> and variadic macros, which GCC, VC++ 8.0,
        -:  616:// Sun Pro CC, IBM Visual Age, and HP aCC support.
        -:  617:#if defined(__GNUC__) || defined(_MSC_VER) || defined(__SUNPRO_CC) || \
        -:  618:    defined(__IBMCPP__) || defined(__HP_aCC)
        -:  619:# define GTEST_HAS_TYPED_TEST 1
        -:  620:# define GTEST_HAS_TYPED_TEST_P 1
        -:  621:#endif
        -:  622:
        -:  623:// Determines whether the system compiler uses UTF-16 for encoding wide strings.
        -:  624:#define GTEST_WIDE_STRING_USES_UTF16_ \
        -:  625:  (GTEST_OS_WINDOWS || GTEST_OS_CYGWIN || GTEST_OS_AIX || GTEST_OS_OS2)
        -:  626:
        -:  627:// Determines whether test results can be streamed to a socket.
        -:  628:#if GTEST_OS_LINUX || GTEST_OS_GNU_KFREEBSD || GTEST_OS_DRAGONFLY || \
        -:  629:    GTEST_OS_FREEBSD || GTEST_OS_NETBSD || GTEST_OS_OPENBSD ||       \
        -:  630:    GTEST_OS_GNU_HURD
        -:  631:# define GTEST_CAN_STREAM_RESULTS_ 1
        -:  632:#endif
        -:  633:
        -:  634:// Defines some utility macros.
        -:  635:
        -:  636:// The GNU compiler emits a warning if nested "if" statements are followed by
        -:  637:// an "else" statement and braces are not used to explicitly disambiguate the
        -:  638:// "else" binding.  This leads to problems with code like:
        -:  639://
        -:  640://   if (gate)
        -:  641://     ASSERT_*(condition) << "Some message";
        -:  642://
        -:  643:// The "switch (0) case 0:" idiom is used to suppress this.
        -:  644:#ifdef __INTEL_COMPILER
        -:  645:# define GTEST_AMBIGUOUS_ELSE_BLOCKER_
        -:  646:#else
        -:  647:# define GTEST_AMBIGUOUS_ELSE_BLOCKER_ switch (0) case 0: default:  // NOLINT
        -:  648:#endif
        -:  649:
        -:  650:// Use this annotation at the end of a struct/class definition to
        -:  651:// prevent the compiler from optimizing away instances that are never
        -:  652:// used.  This is useful when all interesting logic happens inside the
        -:  653:// c'tor and / or d'tor.  Example:
        -:  654://
        -:  655://   struct Foo {
        -:  656://     Foo() { ... }
        -:  657://   } GTEST_ATTRIBUTE_UNUSED_;
        -:  658://
        -:  659:// Also use it after a variable or parameter declaration to tell the
        -:  660:// compiler the variable/parameter does not have to be used.
        -:  661:#if defined(__GNUC__) && !defined(COMPILER_ICC)
        -:  662:# define GTEST_ATTRIBUTE_UNUSED_ __attribute__ ((unused))
        -:  663:#elif defined(__clang__)
        -:  664:# if __has_attribute(unused)
        -:  665:#  define GTEST_ATTRIBUTE_UNUSED_ __attribute__ ((unused))
        -:  666:# endif
        -:  667:#endif
        -:  668:#ifndef GTEST_ATTRIBUTE_UNUSED_
        -:  669:# define GTEST_ATTRIBUTE_UNUSED_
        -:  670:#endif
        -:  671:
        -:  672:// Use this annotation before a function that takes a printf format string.
        -:  673:#if (defined(__GNUC__) || defined(__clang__)) && !defined(COMPILER_ICC)
        -:  674:# if defined(__MINGW_PRINTF_FORMAT)
        -:  675:// MinGW has two different printf implementations. Ensure the format macro
        -:  676:// matches the selected implementation. See
        -:  677:// https://sourceforge.net/p/mingw-w64/wiki2/gnu%20printf/.
        -:  678:#  define GTEST_ATTRIBUTE_PRINTF_(string_index, first_to_check) \
        -:  679:       __attribute__((__format__(__MINGW_PRINTF_FORMAT, string_index, \
        -:  680:                                 first_to_check)))
        -:  681:# else
        -:  682:#  define GTEST_ATTRIBUTE_PRINTF_(string_index, first_to_check) \
        -:  683:       __attribute__((__format__(__printf__, string_index, first_to_check)))
        -:  684:# endif
        -:  685:#else
        -:  686:# define GTEST_ATTRIBUTE_PRINTF_(string_index, first_to_check)
        -:  687:#endif
        -:  688:
        -:  689:
        -:  690:// A macro to disallow copy operator=
        -:  691:// This should be used in the private: declarations for a class.
        -:  692:#define GTEST_DISALLOW_ASSIGN_(type) \
        -:  693:  type& operator=(type const &) = delete
        -:  694:
        -:  695:// A macro to disallow copy constructor and operator=
        -:  696:// This should be used in the private: declarations for a class.
        -:  697:#define GTEST_DISALLOW_COPY_AND_ASSIGN_(type) \
        -:  698:  type(type const&) = delete;                 \
        -:  699:  type& operator=(type const&) = delete
        -:  700:
        -:  701:// A macro to disallow move operator=
        -:  702:// This should be used in the private: declarations for a class.
        -:  703:#define GTEST_DISALLOW_MOVE_ASSIGN_(type) \
        -:  704:  type& operator=(type &&) noexcept = delete
        -:  705:
        -:  706:// A macro to disallow move constructor and operator=
        -:  707:// This should be used in the private: declarations for a class.
        -:  708:#define GTEST_DISALLOW_MOVE_AND_ASSIGN_(type) \
        -:  709:  type(type&&) noexcept = delete;             \
        -:  710:  type& operator=(type&&) noexcept = delete
        -:  711:
        -:  712:// Tell the compiler to warn about unused return values for functions declared
        -:  713:// with this macro.  The macro should be used on function declarations
        -:  714:// following the argument list:
        -:  715://
        -:  716://   Sprocket* AllocateSprocket() GTEST_MUST_USE_RESULT_;
        -:  717:#if defined(__GNUC__) && !defined(COMPILER_ICC)
        -:  718:# define GTEST_MUST_USE_RESULT_ __attribute__ ((warn_unused_result))
        -:  719:#else
        -:  720:# define GTEST_MUST_USE_RESULT_
        -:  721:#endif  // __GNUC__ && !COMPILER_ICC
        -:  722:
        -:  723:// MS C++ compiler emits warning when a conditional expression is compile time
        -:  724:// constant. In some contexts this warning is false positive and needs to be
        -:  725:// suppressed. Use the following two macros in such cases:
        -:  726://
        -:  727:// GTEST_INTENTIONAL_CONST_COND_PUSH_()
        -:  728:// while (true) {
        -:  729:// GTEST_INTENTIONAL_CONST_COND_POP_()
        -:  730:// }
        -:  731:# define GTEST_INTENTIONAL_CONST_COND_PUSH_() \
        -:  732:    GTEST_DISABLE_MSC_WARNINGS_PUSH_(4127)
        -:  733:# define GTEST_INTENTIONAL_CONST_COND_POP_() \
        -:  734:    GTEST_DISABLE_MSC_WARNINGS_POP_()
        -:  735:
        -:  736:// Determine whether the compiler supports Microsoft's Structured Exception
        -:  737:// Handling.  This is supported by several Windows compilers but generally
        -:  738:// does not exist on any other system.
        -:  739:#ifndef GTEST_HAS_SEH
        -:  740:// The user didn't tell us, so we need to figure it out.
        -:  741:
        -:  742:# if defined(_MSC_VER) || defined(__BORLANDC__)
        -:  743:// These two compilers are known to support SEH.
        -:  744:#  define GTEST_HAS_SEH 1
        -:  745:# else
        -:  746:// Assume no SEH.
        -:  747:#  define GTEST_HAS_SEH 0
        -:  748:# endif
        -:  749:
        -:  750:#endif  // GTEST_HAS_SEH
        -:  751:
        -:  752:#ifndef GTEST_IS_THREADSAFE
        -:  753:
        -:  754:#define GTEST_IS_THREADSAFE                                                 \
        -:  755:  (GTEST_HAS_MUTEX_AND_THREAD_LOCAL_ ||                                     \
        -:  756:   (GTEST_OS_WINDOWS && !GTEST_OS_WINDOWS_PHONE && !GTEST_OS_WINDOWS_RT) || \
        -:  757:   GTEST_HAS_PTHREAD)
        -:  758:
        -:  759:#endif  // GTEST_IS_THREADSAFE
        -:  760:
        -:  761:#if GTEST_IS_THREADSAFE
        -:  762:// Some platforms don't support including these threading related headers.
        -:  763:#include <condition_variable>  // NOLINT
        -:  764:#include <mutex>  // NOLINT
        -:  765:#endif  // GTEST_IS_THREADSAFE
        -:  766:
        -:  767:// GTEST_API_ qualifies all symbols that must be exported. The definitions below
        -:  768:// are guarded by #ifndef to give embedders a chance to define GTEST_API_ in
        -:  769:// gtest/internal/custom/gtest-port.h
        -:  770:#ifndef GTEST_API_
        -:  771:
        -:  772:#ifdef _MSC_VER
        -:  773:# if GTEST_LINKED_AS_SHARED_LIBRARY
        -:  774:#  define GTEST_API_ __declspec(dllimport)
        -:  775:# elif GTEST_CREATE_SHARED_LIBRARY
        -:  776:#  define GTEST_API_ __declspec(dllexport)
        -:  777:# endif
        -:  778:#elif __GNUC__ >= 4 || defined(__clang__)
        -:  779:# define GTEST_API_ __attribute__((visibility ("default")))
        -:  780:#endif  // _MSC_VER
        -:  781:
        -:  782:#endif  // GTEST_API_
        -:  783:
        -:  784:#ifndef GTEST_API_
        -:  785:# define GTEST_API_
        -:  786:#endif  // GTEST_API_
        -:  787:
        -:  788:#ifndef GTEST_DEFAULT_DEATH_TEST_STYLE
        -:  789:# define GTEST_DEFAULT_DEATH_TEST_STYLE  "fast"
        -:  790:#endif  // GTEST_DEFAULT_DEATH_TEST_STYLE
        -:  791:
        -:  792:#ifdef __GNUC__
        -:  793:// Ask the compiler to never inline a given function.
        -:  794:# define GTEST_NO_INLINE_ __attribute__((noinline))
        -:  795:#else
        -:  796:# define GTEST_NO_INLINE_
        -:  797:#endif
        -:  798:
        -:  799:// _LIBCPP_VERSION is defined by the libc++ library from the LLVM project.
        -:  800:#if !defined(GTEST_HAS_CXXABI_H_)
        -:  801:# if defined(__GLIBCXX__) || (defined(_LIBCPP_VERSION) && !defined(_MSC_VER))
        -:  802:#  define GTEST_HAS_CXXABI_H_ 1
        -:  803:# else
        -:  804:#  define GTEST_HAS_CXXABI_H_ 0
        -:  805:# endif
        -:  806:#endif
        -:  807:
        -:  808:// A function level attribute to disable checking for use of uninitialized
        -:  809:// memory when built with MemorySanitizer.
        -:  810:#if defined(__clang__)
        -:  811:# if __has_feature(memory_sanitizer)
        -:  812:#  define GTEST_ATTRIBUTE_NO_SANITIZE_MEMORY_ \
        -:  813:       __attribute__((no_sanitize_memory))
        -:  814:# else
        -:  815:#  define GTEST_ATTRIBUTE_NO_SANITIZE_MEMORY_
        -:  816:# endif  // __has_feature(memory_sanitizer)
        -:  817:#else
        -:  818:# define GTEST_ATTRIBUTE_NO_SANITIZE_MEMORY_
        -:  819:#endif  // __clang__
        -:  820:
        -:  821:// A function level attribute to disable AddressSanitizer instrumentation.
        -:  822:#if defined(__clang__)
        -:  823:# if __has_feature(address_sanitizer)
        -:  824:#  define GTEST_ATTRIBUTE_NO_SANITIZE_ADDRESS_ \
        -:  825:       __attribute__((no_sanitize_address))
        -:  826:# else
        -:  827:#  define GTEST_ATTRIBUTE_NO_SANITIZE_ADDRESS_
        -:  828:# endif  // __has_feature(address_sanitizer)
        -:  829:#else
        -:  830:# define GTEST_ATTRIBUTE_NO_SANITIZE_ADDRESS_
        -:  831:#endif  // __clang__
        -:  832:
        -:  833:// A function level attribute to disable HWAddressSanitizer instrumentation.
        -:  834:#if defined(__clang__)
        -:  835:# if __has_feature(hwaddress_sanitizer)
        -:  836:#  define GTEST_ATTRIBUTE_NO_SANITIZE_HWADDRESS_ \
        -:  837:       __attribute__((no_sanitize("hwaddress")))
        -:  838:# else
        -:  839:#  define GTEST_ATTRIBUTE_NO_SANITIZE_HWADDRESS_
        -:  840:# endif  // __has_feature(hwaddress_sanitizer)
        -:  841:#else
        -:  842:# define GTEST_ATTRIBUTE_NO_SANITIZE_HWADDRESS_
        -:  843:#endif  // __clang__
        -:  844:
        -:  845:// A function level attribute to disable ThreadSanitizer instrumentation.
        -:  846:#if defined(__clang__)
        -:  847:# if __has_feature(thread_sanitizer)
        -:  848:#  define GTEST_ATTRIBUTE_NO_SANITIZE_THREAD_ \
        -:  849:       __attribute__((no_sanitize_thread))
        -:  850:# else
        -:  851:#  define GTEST_ATTRIBUTE_NO_SANITIZE_THREAD_
        -:  852:# endif  // __has_feature(thread_sanitizer)
        -:  853:#else
        -:  854:# define GTEST_ATTRIBUTE_NO_SANITIZE_THREAD_
        -:  855:#endif  // __clang__
        -:  856:
        -:  857:namespace testing {
        -:  858:
        -:  859:class Message;
        -:  860:
        -:  861:// Legacy imports for backwards compatibility.
        -:  862:// New code should use std:: names directly.
        -:  863:using std::get;
        -:  864:using std::make_tuple;
        -:  865:using std::tuple;
        -:  866:using std::tuple_element;
        -:  867:using std::tuple_size;
        -:  868:
        -:  869:namespace internal {
        -:  870:
        -:  871:// A secret type that Google Test users don't know about.  It has no
        -:  872:// definition on purpose.  Therefore it's impossible to create a
        -:  873:// Secret object, which is what we want.
        -:  874:class Secret;
        -:  875:
        -:  876:// The GTEST_COMPILE_ASSERT_ is a legacy macro used to verify that a compile
        -:  877:// time expression is true (in new code, use static_assert instead). For
        -:  878:// example, you could use it to verify the size of a static array:
        -:  879://
        -:  880://   GTEST_COMPILE_ASSERT_(GTEST_ARRAY_SIZE_(names) == NUM_NAMES,
        -:  881://                         names_incorrect_size);
        -:  882://
        -:  883:// The second argument to the macro must be a valid C++ identifier. If the
        -:  884:// expression is false, compiler will issue an error containing this identifier.
        -:  885:#define GTEST_COMPILE_ASSERT_(expr, msg) static_assert(expr, #msg)
        -:  886:
        -:  887:// A helper for suppressing warnings on constant condition.  It just
        -:  888:// returns 'condition'.
        -:  889:GTEST_API_ bool IsTrue(bool condition);
        -:  890:
        -:  891:// Defines RE.
        -:  892:
        -:  893:#if GTEST_USES_PCRE
        -:  894:// if used, PCRE is injected by custom/gtest-port.h
        -:  895:#elif GTEST_USES_POSIX_RE || GTEST_USES_SIMPLE_RE
        -:  896:
        -:  897:// A simple C++ wrapper for <regex.h>.  It uses the POSIX Extended
        -:  898:// Regular Expression syntax.
        -:  899:class GTEST_API_ RE {
        -:  900: public:
        -:  901:  // A copy constructor is required by the Standard to initialize object
        -:  902:  // references from r-values.
        -:  903:  RE(const RE& other) { Init(other.pattern()); }
        -:  904:
        -:  905:  // Constructs an RE from a string.
        -:  906:  RE(const ::std::string& regex) { Init(regex.c_str()); }  // NOLINT
        -:  907:
        -:  908:  RE(const char* regex) { Init(regex); }  // NOLINT
        -:  909:  ~RE();
        -:  910:
        -:  911:  // Returns the string representation of the regex.
        -:  912:  const char* pattern() const { return pattern_; }
        -:  913:
        -:  914:  // FullMatch(str, re) returns true if and only if regular expression re
        -:  915:  // matches the entire str.
        -:  916:  // PartialMatch(str, re) returns true if and only if regular expression re
        -:  917:  // matches a substring of str (including str itself).
        -:  918:  static bool FullMatch(const ::std::string& str, const RE& re) {
        -:  919:    return FullMatch(str.c_str(), re);
        -:  920:  }
        -:  921:  static bool PartialMatch(const ::std::string& str, const RE& re) {
        -:  922:    return PartialMatch(str.c_str(), re);
        -:  923:  }
        -:  924:
        -:  925:  static bool FullMatch(const char* str, const RE& re);
        -:  926:  static bool PartialMatch(const char* str, const RE& re);
        -:  927:
        -:  928: private:
        -:  929:  void Init(const char* regex);
        -:  930:  const char* pattern_;
        -:  931:  bool is_valid_;
        -:  932:
        -:  933:# if GTEST_USES_POSIX_RE
        -:  934:
        -:  935:  regex_t full_regex_;     // For FullMatch().
        -:  936:  regex_t partial_regex_;  // For PartialMatch().
        -:  937:
        -:  938:# else  // GTEST_USES_SIMPLE_RE
        -:  939:
        -:  940:  const char* full_pattern_;  // For FullMatch();
        -:  941:
        -:  942:# endif
        -:  943:};
        -:  944:
        -:  945:#endif  // GTEST_USES_PCRE
        -:  946:
        -:  947:// Formats a source file path and a line number as they would appear
        -:  948:// in an error message from the compiler used to compile this code.
        -:  949:GTEST_API_ ::std::string FormatFileLocation(const char* file, int line);
        -:  950:
        -:  951:// Formats a file location for compiler-independent XML output.
        -:  952:// Although this function is not platform dependent, we put it next to
        -:  953:// FormatFileLocation in order to contrast the two functions.
        -:  954:GTEST_API_ ::std::string FormatCompilerIndependentFileLocation(const char* file,
        -:  955:                                                               int line);
        -:  956:
        -:  957:// Defines logging utilities:
        -:  958://   GTEST_LOG_(severity) - logs messages at the specified severity level. The
        -:  959://                          message itself is streamed into the macro.
        -:  960://   LogToStderr()  - directs all log messages to stderr.
        -:  961://   FlushInfoLog() - flushes informational log messages.
        -:  962:
        -:  963:enum GTestLogSeverity {
        -:  964:  GTEST_INFO,
        -:  965:  GTEST_WARNING,
        -:  966:  GTEST_ERROR,
        -:  967:  GTEST_FATAL
        -:  968:};
        -:  969:
        -:  970:// Formats log entry severity, provides a stream object for streaming the
        -:  971:// log message, and terminates the message with a newline when going out of
        -:  972:// scope.
        -:  973:class GTEST_API_ GTestLog {
        -:  974: public:
        -:  975:  GTestLog(GTestLogSeverity severity, const char* file, int line);
        -:  976:
        -:  977:  // Flushes the buffers and, if severity is GTEST_FATAL, aborts the program.
        -:  978:  ~GTestLog();
        -:  979:
function _ZN7testing8internal8GTestLog9GetStreamEv called 0 returned 0% blocks executed 0%
    #####:  980:  ::std::ostream& GetStream() { return ::std::cerr; }
    $$$$$:  980-block  0
    $$$$$:  980-block  1
        -:  981:
        -:  982: private:
        -:  983:  const GTestLogSeverity severity_;
        -:  984:
        -:  985:  GTEST_DISALLOW_COPY_AND_ASSIGN_(GTestLog);
        -:  986:};
        -:  987:
        -:  988:#if !defined(GTEST_LOG_)
        -:  989:
        -:  990:# define GTEST_LOG_(severity) \
        -:  991:    ::testing::internal::GTestLog(::testing::internal::GTEST_##severity, \
        -:  992:                                  __FILE__, __LINE__).GetStream()
        -:  993:
        -:  994:inline void LogToStderr() {}
        -:  995:inline void FlushInfoLog() { fflush(nullptr); }
        -:  996:
        -:  997:#endif  // !defined(GTEST_LOG_)
        -:  998:
        -:  999:#if !defined(GTEST_CHECK_)
        -: 1000:// INTERNAL IMPLEMENTATION - DO NOT USE.
        -: 1001://
        -: 1002:// GTEST_CHECK_ is an all-mode assert. It aborts the program if the condition
        -: 1003:// is not satisfied.
        -: 1004://  Synopsis:
        -: 1005://    GTEST_CHECK_(boolean_condition);
        -: 1006://     or
        -: 1007://    GTEST_CHECK_(boolean_condition) << "Additional message";
        -: 1008://
        -: 1009://    This checks the condition and if the condition is not satisfied
        -: 1010://    it prints message about the condition violation, including the
        -: 1011://    condition itself, plus additional message streamed into it, if any,
        -: 1012://    and then it aborts the program. It aborts the program irrespective of
        -: 1013://    whether it is built in the debug mode or not.
        -: 1014:# define GTEST_CHECK_(condition) \
        -: 1015:    GTEST_AMBIGUOUS_ELSE_BLOCKER_ \
        -: 1016:    if (::testing::internal::IsTrue(condition)) \
        -: 1017:      ; \
        -: 1018:    else \
        -: 1019:      GTEST_LOG_(FATAL) << "Condition " #condition " failed. "
        -: 1020:#endif  // !defined(GTEST_CHECK_)
        -: 1021:
        -: 1022:// An all-mode assert to verify that the given POSIX-style function
        -: 1023:// call returns 0 (indicating success).  Known limitation: this
        -: 1024:// doesn't expand to a balanced 'if' statement, so enclose the macro
        -: 1025:// in {} if you need to use it as the only statement in an 'if'
        -: 1026:// branch.
        -: 1027:#define GTEST_CHECK_POSIX_SUCCESS_(posix_call) \
        -: 1028:  if (const int gtest_error = (posix_call)) \
        -: 1029:    GTEST_LOG_(FATAL) << #posix_call << "failed with error " \
        -: 1030:                      << gtest_error
        -: 1031:
        -: 1032:// Transforms "T" into "const T&" according to standard reference collapsing
        -: 1033:// rules (this is only needed as a backport for C++98 compilers that do not
        -: 1034:// support reference collapsing). Specifically, it transforms:
        -: 1035://
        -: 1036://   char         ==> const char&
        -: 1037://   const char   ==> const char&
        -: 1038://   char&        ==> char&
        -: 1039://   const char&  ==> const char&
        -: 1040://
        -: 1041:// Note that the non-const reference will not have "const" added. This is
        -: 1042:// standard, and necessary so that "T" can always bind to "const T&".
        -: 1043:template <typename T>
        -: 1044:struct ConstRef { typedef const T& type; };
        -: 1045:template <typename T>
        -: 1046:struct ConstRef<T&> { typedef T& type; };
        -: 1047:
        -: 1048:// The argument T must depend on some template parameters.
        -: 1049:#define GTEST_REFERENCE_TO_CONST_(T) \
        -: 1050:  typename ::testing::internal::ConstRef<T>::type
        -: 1051:
        -: 1052:// INTERNAL IMPLEMENTATION - DO NOT USE IN USER CODE.
        -: 1053://
        -: 1054:// Use ImplicitCast_ as a safe version of static_cast for upcasting in
        -: 1055:// the type hierarchy (e.g. casting a Foo* to a SuperclassOfFoo* or a
        -: 1056:// const Foo*).  When you use ImplicitCast_, the compiler checks that
        -: 1057:// the cast is safe.  Such explicit ImplicitCast_s are necessary in
        -: 1058:// surprisingly many situations where C++ demands an exact type match
        -: 1059:// instead of an argument type convertible to a target type.
        -: 1060://
        -: 1061:// The syntax for using ImplicitCast_ is the same as for static_cast:
        -: 1062://
        -: 1063://   ImplicitCast_<ToType>(expr)
        -: 1064://
        -: 1065:// ImplicitCast_ would have been part of the C++ standard library,
        -: 1066:// but the proposal was submitted too late.  It will probably make
        -: 1067:// its way into the language in the future.
        -: 1068://
        -: 1069:// This relatively ugly name is intentional. It prevents clashes with
        -: 1070:// similar functions users may have (e.g., implicit_cast). The internal
        -: 1071:// namespace alone is not enough because the function can be found by ADL.
        -: 1072:template<typename To>
        -: 1073:inline To ImplicitCast_(To x) { return x; }
        -: 1074:
        -: 1075:// When you upcast (that is, cast a pointer from type Foo to type
        -: 1076:// SuperclassOfFoo), it's fine to use ImplicitCast_<>, since upcasts
        -: 1077:// always succeed.  When you downcast (that is, cast a pointer from
        -: 1078:// type Foo to type SubclassOfFoo), static_cast<> isn't safe, because
        -: 1079:// how do you know the pointer is really of type SubclassOfFoo?  It
        -: 1080:// could be a bare Foo, or of type DifferentSubclassOfFoo.  Thus,
        -: 1081:// when you downcast, you should use this macro.  In debug mode, we
        -: 1082:// use dynamic_cast<> to double-check the downcast is legal (we die
        -: 1083:// if it's not).  In normal mode, we do the efficient static_cast<>
        -: 1084:// instead.  Thus, it's important to test in debug mode to make sure
        -: 1085:// the cast is legal!
        -: 1086://    This is the only place in the code we should use dynamic_cast<>.
        -: 1087:// In particular, you SHOULDN'T be using dynamic_cast<> in order to
        -: 1088:// do RTTI (eg code like this:
        -: 1089://    if (dynamic_cast<Subclass1>(foo)) HandleASubclass1Object(foo);
        -: 1090://    if (dynamic_cast<Subclass2>(foo)) HandleASubclass2Object(foo);
        -: 1091:// You should design the code some other way not to need this.
        -: 1092://
        -: 1093:// This relatively ugly name is intentional. It prevents clashes with
        -: 1094:// similar functions users may have (e.g., down_cast). The internal
        -: 1095:// namespace alone is not enough because the function can be found by ADL.
        -: 1096:template<typename To, typename From>  // use like this: DownCast_<T*>(foo);
        -: 1097:inline To DownCast_(From* f) {  // so we only accept pointers
        -: 1098:  // Ensures that To is a sub-type of From *.  This test is here only
        -: 1099:  // for compile-time type checking, and has no overhead in an
        -: 1100:  // optimized build at run-time, as it will be optimized away
        -: 1101:  // completely.
        -: 1102:  GTEST_INTENTIONAL_CONST_COND_PUSH_()
        -: 1103:  if (false) {
        -: 1104:  GTEST_INTENTIONAL_CONST_COND_POP_()
        -: 1105:  const To to = nullptr;
        -: 1106:  ::testing::internal::ImplicitCast_<From*>(to);
        -: 1107:  }
        -: 1108:
        -: 1109:#if GTEST_HAS_RTTI
        -: 1110:  // RTTI: debug mode only!
        -: 1111:  GTEST_CHECK_(f == nullptr || dynamic_cast<To>(f) != nullptr);
        -: 1112:#endif
        -: 1113:  return static_cast<To>(f);
        -: 1114:}
        -: 1115:
        -: 1116:// Downcasts the pointer of type Base to Derived.
        -: 1117:// Derived must be a subclass of Base. The parameter MUST
        -: 1118:// point to a class of type Derived, not any subclass of it.
        -: 1119:// When RTTI is available, the function performs a runtime
        -: 1120:// check to enforce this.
        -: 1121:template <class Derived, class Base>
        -: 1122:Derived* CheckedDowncastToActualType(Base* base) {
        -: 1123:#if GTEST_HAS_RTTI
        -: 1124:  GTEST_CHECK_(typeid(*base) == typeid(Derived));
        -: 1125:#endif
        -: 1126:
        -: 1127:#if GTEST_HAS_DOWNCAST_
        -: 1128:  return ::down_cast<Derived*>(base);
        -: 1129:#elif GTEST_HAS_RTTI
        -: 1130:  return dynamic_cast<Derived*>(base);  // NOLINT
        -: 1131:#else
        -: 1132:  return static_cast<Derived*>(base);  // Poor man's downcast.
        -: 1133:#endif
        -: 1134:}
        -: 1135:
        -: 1136:#if GTEST_HAS_STREAM_REDIRECTION
        -: 1137:
        -: 1138:// Defines the stderr capturer:
        -: 1139://   CaptureStdout     - starts capturing stdout.
        -: 1140://   GetCapturedStdout - stops capturing stdout and returns the captured string.
        -: 1141://   CaptureStderr     - starts capturing stderr.
        -: 1142://   GetCapturedStderr - stops capturing stderr and returns the captured string.
        -: 1143://
        -: 1144:GTEST_API_ void CaptureStdout();
        -: 1145:GTEST_API_ std::string GetCapturedStdout();
        -: 1146:GTEST_API_ void CaptureStderr();
        -: 1147:GTEST_API_ std::string GetCapturedStderr();
        -: 1148:
        -: 1149:#endif  // GTEST_HAS_STREAM_REDIRECTION
        -: 1150:// Returns the size (in bytes) of a file.
        -: 1151:GTEST_API_ size_t GetFileSize(FILE* file);
        -: 1152:
        -: 1153:// Reads the entire content of a file as a string.
        -: 1154:GTEST_API_ std::string ReadEntireFile(FILE* file);
        -: 1155:
        -: 1156:// All command line arguments.
        -: 1157:GTEST_API_ std::vector<std::string> GetArgvs();
        -: 1158:
        -: 1159:#if GTEST_HAS_DEATH_TEST
        -: 1160:
        -: 1161:std::vector<std::string> GetInjectableArgvs();
        -: 1162:// Deprecated: pass the args vector by value instead.
        -: 1163:void SetInjectableArgvs(const std::vector<std::string>* new_argvs);
        -: 1164:void SetInjectableArgvs(const std::vector<std::string>& new_argvs);
        -: 1165:void ClearInjectableArgvs();
        -: 1166:
        -: 1167:#endif  // GTEST_HAS_DEATH_TEST
        -: 1168:
        -: 1169:// Defines synchronization primitives.
        -: 1170:#if GTEST_IS_THREADSAFE
        -: 1171:
        -: 1172:# if GTEST_OS_WINDOWS
        -: 1173:// Provides leak-safe Windows kernel handlePath ownership.
        -: 1174:// Used in death tests and in threading support.
        -: 1175:class GTEST_API_ AutoHandle {
        -: 1176: public:
        -: 1177:  // Assume that Win32 HANDLE type is equivalent to void*. Doing so allows us to
        -: 1178:  // avoid including <windows.h> in this header file. Including <windows.h> is
        -: 1179:  // undesirable because it defines a lot of symbols and macros that tend to
        -: 1180:  // conflict with client code. This assumption is verified by
        -: 1181:  // WindowsTypesTest.HANDLEIsVoidStar.
        -: 1182:  typedef void* Handle;
        -: 1183:  AutoHandle();
        -: 1184:  explicit AutoHandle(Handle handlePath);
        -: 1185:
        -: 1186:  ~AutoHandle();
        -: 1187:
        -: 1188:  Handle Get() const;
        -: 1189:  void Reset();
        -: 1190:  void Reset(Handle handlePath);
        -: 1191:
        -: 1192: private:
        -: 1193:  // Returns true if and only if the handlePath is a valid handlePath object that can be
        -: 1194:  // closed.
        -: 1195:  bool IsCloseable() const;
        -: 1196:
        -: 1197:  Handle handle_;
        -: 1198:
        -: 1199:  GTEST_DISALLOW_COPY_AND_ASSIGN_(AutoHandle);
        -: 1200:};
        -: 1201:# endif
        -: 1202:
        -: 1203:# if GTEST_HAS_NOTIFICATION_
        -: 1204:// Notification has already been imported into the namespace.
        -: 1205:// Nothing to do here.
        -: 1206:
        -: 1207:# else
        -: 1208:// Allows a controller thread to pause execution of newly created
        -: 1209:// threads until notified.  Instances of this class must be created
        -: 1210:// and destroyed in the controller thread.
        -: 1211://
        -: 1212:// This class is only for testing Google Test's own constructs. Do not
        -: 1213:// use it in user tests, either directly or indirectly.
        -: 1214:// TODO(b/203539622): Replace unconditionally with absl::Notification.
        -: 1215:class GTEST_API_ Notification {
        -: 1216: public:
        -: 1217:  Notification() : notified_(false) {}
        -: 1218:  Notification(const Notification&) = delete;
        -: 1219:  Notification& operator=(const Notification&) = delete;
        -: 1220:
        -: 1221:  // Notifies all threads created with this notification to start. Must
        -: 1222:  // be called from the controller thread.
        -: 1223:  void Notify() {
        -: 1224:    std::lock_guard<std::mutex> lock(mu_);
        -: 1225:    notified_ = true;
        -: 1226:    cv_.notify_all();
        -: 1227:  }
        -: 1228:
        -: 1229:  // Blocks until the controller thread notifies. Must be called from a test
        -: 1230:  // thread.
        -: 1231:  void WaitForNotification() {
        -: 1232:    std::unique_lock<std::mutex> lock(mu_);
        -: 1233:    cv_.wait(lock, [this]() { return notified_; });
        -: 1234:  }
        -: 1235:
        -: 1236: private:
        -: 1237:  std::mutex mu_;
        -: 1238:  std::condition_variable cv_;
        -: 1239:  bool notified_;
        -: 1240:};
        -: 1241:# endif  // GTEST_HAS_NOTIFICATION_
        -: 1242:
        -: 1243:// On MinGW, we can have both GTEST_OS_WINDOWS and GTEST_HAS_PTHREAD
        -: 1244:// defined, but we don't want to use MinGW's pthreads implementation, which
        -: 1245:// has conformance problems with some versions of the POSIX standard.
        -: 1246:# if GTEST_HAS_PTHREAD && !GTEST_OS_WINDOWS_MINGW
        -: 1247:
        -: 1248:// As a C-function, ThreadFuncWithCLinkage cannot be templated itself.
        -: 1249:// Consequently, it cannot select a correct instantiation of ThreadWithParam
        -: 1250:// in order to call its Run(). Introducing ThreadWithParamBase as a
        -: 1251:// non-templated base class for ThreadWithParam allows us to bypass this
        -: 1252:// problem.
        -: 1253:class ThreadWithParamBase {
        -: 1254: public:
        -: 1255:  virtual ~ThreadWithParamBase() {}
        -: 1256:  virtual void Run() = 0;
        -: 1257:};
        -: 1258:
        -: 1259:// pthread_create() accepts a pointer to a function type with the C linkage.
        -: 1260:// According to the Standard (7.5/1), function types with different linkages
        -: 1261:// are different even if they are otherwise identical.  Some compilers (for
        -: 1262:// example, SunStudio) treat them as different types.  Since class methods
        -: 1263:// cannot be defined with C-linkage we need to define a free C-function to
        -: 1264:// pass into pthread_create().
        -: 1265:extern "C" inline void* ThreadFuncWithCLinkage(void* thread) {
        -: 1266:  static_cast<ThreadWithParamBase*>(thread)->Run();
        -: 1267:  return nullptr;
        -: 1268:}
        -: 1269:
        -: 1270:// Helper class for testing Google Test's multi-threading constructs.
        -: 1271:// To use it, write:
        -: 1272://
        -: 1273://   void ThreadFunc(int param) { /* Do things with param */ }
        -: 1274://   Notification thread_can_start;
        -: 1275://   ...
        -: 1276://   // The thread_can_start parameter is optional; you can supply NULL.
        -: 1277://   ThreadWithParam<int> thread(&ThreadFunc, 5, &thread_can_start);
        -: 1278://   thread_can_start.Notify();
        -: 1279://
        -: 1280:// These classes are only for testing Google Test's own constructs. Do
        -: 1281:// not use them in user tests, either directly or indirectly.
        -: 1282:template <typename T>
        -: 1283:class ThreadWithParam : public ThreadWithParamBase {
        -: 1284: public:
        -: 1285:  typedef void UserThreadFunc(T);
        -: 1286:
        -: 1287:  ThreadWithParam(UserThreadFunc* func, T param, Notification* thread_can_start)
        -: 1288:      : func_(func),
        -: 1289:        param_(param),
        -: 1290:        thread_can_start_(thread_can_start),
        -: 1291:        finished_(false) {
        -: 1292:    ThreadWithParamBase* const base = this;
        -: 1293:    // The thread can be created only after all fields except thread_
        -: 1294:    // have been initialized.
        -: 1295:    GTEST_CHECK_POSIX_SUCCESS_(
        -: 1296:        pthread_create(&thread_, nullptr, &ThreadFuncWithCLinkage, base));
        -: 1297:  }
        -: 1298:  ~ThreadWithParam() override { Join(); }
        -: 1299:
        -: 1300:  void Join() {
        -: 1301:    if (!finished_) {
        -: 1302:      GTEST_CHECK_POSIX_SUCCESS_(pthread_join(thread_, nullptr));
        -: 1303:      finished_ = true;
        -: 1304:    }
        -: 1305:  }
        -: 1306:
        -: 1307:  void Run() override {
        -: 1308:    if (thread_can_start_ != nullptr) thread_can_start_->WaitForNotification();
        -: 1309:    func_(param_);
        -: 1310:  }
        -: 1311:
        -: 1312: private:
        -: 1313:  UserThreadFunc* const func_;  // User-supplied thread function.
        -: 1314:  const T param_;  // User-supplied parameter to the thread function.
        -: 1315:  // When non-NULL, used to block execution until the controller thread
        -: 1316:  // notifies.
        -: 1317:  Notification* const thread_can_start_;
        -: 1318:  bool finished_;  // true if and only if we know that the thread function has
        -: 1319:                   // finished.
        -: 1320:  pthread_t thread_;  // The native thread object.
        -: 1321:
        -: 1322:  GTEST_DISALLOW_COPY_AND_ASSIGN_(ThreadWithParam);
        -: 1323:};
        -: 1324:# endif  // !GTEST_OS_WINDOWS && GTEST_HAS_PTHREAD ||
        -: 1325:         // GTEST_HAS_MUTEX_AND_THREAD_LOCAL_
        -: 1326:
        -: 1327:# if GTEST_HAS_MUTEX_AND_THREAD_LOCAL_
        -: 1328:// Mutex and ThreadLocal have already been imported into the namespace.
        -: 1329:// Nothing to do here.
        -: 1330:
        -: 1331:# elif GTEST_OS_WINDOWS && !GTEST_OS_WINDOWS_PHONE && !GTEST_OS_WINDOWS_RT
        -: 1332:
        -: 1333:// Mutex implements mutex on Windows platforms.  It is used in conjunction
        -: 1334:// with class MutexLock:
        -: 1335://
        -: 1336://   Mutex mutex;
        -: 1337://   ...
        -: 1338://   MutexLock lock(&mutex);  // Acquires the mutex and releases it at the
        -: 1339://                            // end of the current scope.
        -: 1340://
        -: 1341:// A static Mutex *must* be defined or declared using one of the following
        -: 1342:// macros:
        -: 1343://   GTEST_DEFINE_STATIC_MUTEX_(g_some_mutex);
        -: 1344://   GTEST_DECLARE_STATIC_MUTEX_(g_some_mutex);
        -: 1345://
        -: 1346:// (A non-static Mutex is defined/declared in the usual way).
        -: 1347:class GTEST_API_ Mutex {
        -: 1348: public:
        -: 1349:  enum MutexType { kStatic = 0, kDynamic = 1 };
        -: 1350:  // We rely on kStaticMutex being 0 as it is to what the linker initializes
        -: 1351:  // type_ in static mutexes.  critical_section_ will be initialized lazily
        -: 1352:  // in ThreadSafeLazyInit().
        -: 1353:  enum StaticConstructorSelector { kStaticMutex = 0 };
        -: 1354:
        -: 1355:  // This constructor intentionally does nothing.  It relies on type_ being
        -: 1356:  // statically initialized to 0 (effectively setting it to kStatic) and on
        -: 1357:  // ThreadSafeLazyInit() to lazily initialize the rest of the members.
        -: 1358:  explicit Mutex(StaticConstructorSelector /*dummy*/) {}
        -: 1359:
        -: 1360:  Mutex();
        -: 1361:  ~Mutex();
        -: 1362:
        -: 1363:  void Lock();
        -: 1364:
        -: 1365:  void Unlock();
        -: 1366:
        -: 1367:  // Does nothing if the current thread holds the mutex. Otherwise, crashes
        -: 1368:  // with high probability.
        -: 1369:  void AssertHeld();
        -: 1370:
        -: 1371: private:
        -: 1372:  // Initializes owner_thread_id_ and critical_section_ in static mutexes.
        -: 1373:  void ThreadSafeLazyInit();
        -: 1374:
        -: 1375:  // Per https://blogs.msdn.microsoft.com/oldnewthing/20040223-00/?p=40503,
        -: 1376:  // we assume that 0 is an invalid value for thread IDs.
        -: 1377:  unsigned int owner_thread_id_;
        -: 1378:
        -: 1379:  // For static mutexes, we rely on these members being initialized to zeros
        -: 1380:  // by the linker.
        -: 1381:  MutexType type_;
        -: 1382:  long critical_section_init_phase_;  // NOLINT
        -: 1383:  GTEST_CRITICAL_SECTION* critical_section_;
        -: 1384:
        -: 1385:  GTEST_DISALLOW_COPY_AND_ASSIGN_(Mutex);
        -: 1386:};
        -: 1387:
        -: 1388:# define GTEST_DECLARE_STATIC_MUTEX_(mutex) \
        -: 1389:    extern ::testing::internal::Mutex mutex
        -: 1390:
        -: 1391:# define GTEST_DEFINE_STATIC_MUTEX_(mutex) \
        -: 1392:    ::testing::internal::Mutex mutex(::testing::internal::Mutex::kStaticMutex)
        -: 1393:
        -: 1394:// We cannot name this class MutexLock because the ctor declaration would
        -: 1395:// conflict with a macro named MutexLock, which is defined on some
        -: 1396:// platforms. That macro is used as a defensive measure to prevent against
        -: 1397:// inadvertent misuses of MutexLock like "MutexLock(&mu)" rather than
        -: 1398:// "MutexLock l(&mu)".  Hence the typedef trick below.
        -: 1399:class GTestMutexLock {
        -: 1400: public:
        -: 1401:  explicit GTestMutexLock(Mutex* mutex)
        -: 1402:      : mutex_(mutex) { mutex_->Lock(); }
        -: 1403:
        -: 1404:  ~GTestMutexLock() { mutex_->Unlock(); }
        -: 1405:
        -: 1406: private:
        -: 1407:  Mutex* const mutex_;
        -: 1408:
        -: 1409:  GTEST_DISALLOW_COPY_AND_ASSIGN_(GTestMutexLock);
        -: 1410:};
        -: 1411:
        -: 1412:typedef GTestMutexLock MutexLock;
        -: 1413:
        -: 1414:// Base class for ValueHolder<T>.  Allows a caller to hold and delete a value
        -: 1415:// without knowing its type.
        -: 1416:class ThreadLocalValueHolderBase {
        -: 1417: public:
        -: 1418:  virtual ~ThreadLocalValueHolderBase() {}
        -: 1419:};
        -: 1420:
        -: 1421:// Provides a way for a thread to send notifications to a ThreadLocal
        -: 1422:// regardless of its parameter type.
        -: 1423:class ThreadLocalBase {
        -: 1424: public:
        -: 1425:  // Creates a new ValueHolder<T> object holding a default value passed to
        -: 1426:  // this ThreadLocal<T>'s constructor and returns it.  It is the caller's
        -: 1427:  // responsibility not to call this when the ThreadLocal<T> instance already
        -: 1428:  // has a value on the current thread.
        -: 1429:  virtual ThreadLocalValueHolderBase* NewValueForCurrentThread() const = 0;
        -: 1430:
        -: 1431: protected:
        -: 1432:  ThreadLocalBase() {}
        -: 1433:  virtual ~ThreadLocalBase() {}
        -: 1434:
        -: 1435: private:
        -: 1436:  GTEST_DISALLOW_COPY_AND_ASSIGN_(ThreadLocalBase);
        -: 1437:};
        -: 1438:
        -: 1439:// Maps a thread to a set of ThreadLocals that have values instantiated on that
        -: 1440:// thread and notifies them when the thread exits.  A ThreadLocal instance is
        -: 1441:// expected to persist until all threads it has values on have terminated.
        -: 1442:class GTEST_API_ ThreadLocalRegistry {
        -: 1443: public:
        -: 1444:  // Registers thread_local_instance as having value on the current thread.
        -: 1445:  // Returns a value that can be used to identify the thread from other threads.
        -: 1446:  static ThreadLocalValueHolderBase* GetValueOnCurrentThread(
        -: 1447:      const ThreadLocalBase* thread_local_instance);
        -: 1448:
        -: 1449:  // Invoked when a ThreadLocal instance is destroyed.
        -: 1450:  static void OnThreadLocalDestroyed(
        -: 1451:      const ThreadLocalBase* thread_local_instance);
        -: 1452:};
        -: 1453:
        -: 1454:class GTEST_API_ ThreadWithParamBase {
        -: 1455: public:
        -: 1456:  void Join();
        -: 1457:
        -: 1458: protected:
        -: 1459:  class Runnable {
        -: 1460:   public:
        -: 1461:    virtual ~Runnable() {}
        -: 1462:    virtual void Run() = 0;
        -: 1463:  };
        -: 1464:
        -: 1465:  ThreadWithParamBase(Runnable *runnable, Notification* thread_can_start);
        -: 1466:  virtual ~ThreadWithParamBase();
        -: 1467:
        -: 1468: private:
        -: 1469:  AutoHandle thread_;
        -: 1470:};
        -: 1471:
        -: 1472:// Helper class for testing Google Test's multi-threading constructs.
        -: 1473:template <typename T>
        -: 1474:class ThreadWithParam : public ThreadWithParamBase {
        -: 1475: public:
        -: 1476:  typedef void UserThreadFunc(T);
        -: 1477:
        -: 1478:  ThreadWithParam(UserThreadFunc* func, T param, Notification* thread_can_start)
        -: 1479:      : ThreadWithParamBase(new RunnableImpl(func, param), thread_can_start) {
        -: 1480:  }
        -: 1481:  virtual ~ThreadWithParam() {}
        -: 1482:
        -: 1483: private:
        -: 1484:  class RunnableImpl : public Runnable {
        -: 1485:   public:
[...]
        -: 1988:inline int FileNo(FILE* file) { return fileno(file); }
        -: 1989:inline int DoIsATTY(int fd) { return isatty(fd); }
        -: 1990:inline int Stat(const char* path, StatStruct* buf) {
        -: 1991:  // stat function not implemented on ESP8266
        -: 1992:  return 0;
        -: 1993:}
        -: 1994:inline int StrCaseCmp(const char* s1, const char* s2) {
        -: 1995:  return strcasecmp(s1, s2);
        -: 1996:}
        -: 1997:inline char* StrDup(const char* src) { return strdup(src); }
        -: 1998:inline int RmDir(const char* dir) { return rmdir(dir); }
        -: 1999:inline bool IsDir(const StatStruct& st) { return S_ISDIR(st.st_mode); }
        -: 2000:
        -: 2001:#else
        -: 2002:
        -: 2003:typedef struct stat StatStruct;
        -: 2004:
        -: 2005:inline int FileNo(FILE* file) { return fileno(file); }
        -: 2006:inline int DoIsATTY(int fd) { return isatty(fd); }
        -: 2007:inline int Stat(const char* path, StatStruct* buf) { return stat(path, buf); }
        -: 2008:inline int StrCaseCmp(const char* s1, const char* s2) {
        -: 2009:  return strcasecmp(s1, s2);
        -: 2010:}
        -: 2011:inline char* StrDup(const char* src) { return strdup(src); }
        -: 2012:inline int RmDir(const char* dir) { return rmdir(dir); }
        -: 2013:inline bool IsDir(const StatStruct& st) { return S_ISDIR(st.st_mode); }
        -: 2014:
        -: 2015:#endif  // GTEST_OS_WINDOWS
        -: 2016:
        -: 2017:inline int IsATTY(int fd) {
        -: 2018:  // DoIsATTY might change errno (for example ENOTTY in case you redirect stdout
        -: 2019:  // to a file on Linux), which is unexpected, so save the previous value, and
        -: 2020:  // restore it after the call.
        -: 2021:  int savedErrno = errno;
        -: 2022:  int isAttyValue = DoIsATTY(fd);
        -: 2023:  errno = savedErrno;
        -: 2024:
        -: 2025:  return isAttyValue;
        -: 2026:}
        -: 2027:
        -: 2028:// Functions deprecated by MSVC 8.0.
        -: 2029:
        -: 2030:GTEST_DISABLE_MSC_DEPRECATED_PUSH_()
        -: 2031:
        -: 2032:// ChDir(), FReopen(), FDOpen(), Read(), Write(), Close(), and
        -: 2033:// StrError() aren't needed on Windows CE at this time and thus not
        -: 2034:// defined there.
        -: 2035:
        -: 2036:#if !GTEST_OS_WINDOWS_MOBILE && !GTEST_OS_WINDOWS_PHONE && \
        -: 2037:    !GTEST_OS_WINDOWS_RT && !GTEST_OS_ESP8266 && !GTEST_OS_XTENSA
        -: 2038:inline int ChDir(const char* dir) { return chdir(dir); }
        -: 2039:#endif
        -: 2040:inline FILE* FOpen(const char* path, const char* mode) {
        -: 2041:#if GTEST_OS_WINDOWS && !GTEST_OS_WINDOWS_MINGW
        -: 2042:  struct wchar_codecvt : public std::codecvt<wchar_t, char, std::mbstate_t> {};
        -: 2043:  std::wstring_convert<wchar_codecvt> converter;
        -: 2044:  std::wstring wide_path = converter.from_bytes(path);
        -: 2045:  std::wstring wide_mode = converter.from_bytes(mode);
        -: 2046:  return _wfopen(wide_path.c_str(), wide_mode.c_str());
        -: 2047:#else  // GTEST_OS_WINDOWS && !GTEST_OS_WINDOWS_MINGW
        -: 2048:  return fopen(path, mode);
        -: 2049:#endif  // GTEST_OS_WINDOWS && !GTEST_OS_WINDOWS_MINGW
        -: 2050:}
        -: 2051:#if !GTEST_OS_WINDOWS_MOBILE
        -: 2052:inline FILE *FReopen(const char* path, const char* mode, FILE* stream) {
        -: 2053:  return freopen(path, mode, stream);
        -: 2054:}
        -: 2055:inline FILE* FDOpen(int fd, const char* mode) { return fdopen(fd, mode); }
        -: 2056:#endif
        -: 2057:inline int FClose(FILE* fp) { return fclose(fp); }
        -: 2058:#if !GTEST_OS_WINDOWS_MOBILE
        -: 2059:inline int Read(int fd, void* buf, unsigned int count) {
        -: 2060:  return static_cast<int>(read(fd, buf, count));
        -: 2061:}
        -: 2062:inline int Write(int fd, const void* buf, unsigned int count) {
        -: 2063:  return static_cast<int>(write(fd, buf, count));
        -: 2064:}
        -: 2065:inline int Close(int fd) { return close(fd); }
        -: 2066:inline const char* StrError(int errnum) { return strerror(errnum); }
        -: 2067:#endif
        -: 2068:inline const char* GetEnv(const char* name) {
        -: 2069:#if GTEST_OS_WINDOWS_MOBILE || GTEST_OS_WINDOWS_PHONE || \
        -: 2070:    GTEST_OS_WINDOWS_RT || GTEST_OS_ESP8266 || GTEST_OS_XTENSA
        -: 2071:  // We are on an embedded platform, which has no environment variables.
        -: 2072:  static_cast<void>(name);  // To prevent 'unused argument' warning.
        -: 2073:  return nullptr;
        -: 2074:#elif defined(__BORLANDC__) || defined(__SunOS_5_8) || defined(__SunOS_5_9)
        -: 2075:  // Environment variables which we programmatically clear will be set to the
        -: 2076:  // empty string rather than unset (NULL).  Handle that case.
        -: 2077:  const char* const env = getenv(name);
        -: 2078:  return (env != nullptr && env[0] != '\0') ? env : nullptr;
        -: 2079:#else
        -: 2080:  return getenv(name);
        -: 2081:#endif
        -: 2082:}
        -: 2083:
        -: 2084:GTEST_DISABLE_MSC_DEPRECATED_POP_()
        -: 2085:
        -: 2086:#if GTEST_OS_WINDOWS_MOBILE
        -: 2087:// Windows CE has no C library. The abort() function is used in
        -: 2088:// several places in Google Test. This implementation provides a reasonable
        -: 2089:// imitation of standard behaviour.
        -: 2090:[[noreturn]] void Abort();
        -: 2091:#else
        -: 2092:[[noreturn]] inline void Abort() { abort(); }
        -: 2093:#endif  // GTEST_OS_WINDOWS_MOBILE
        -: 2094:
        -: 2095:}  // namespace posix
        -: 2096:
        -: 2097:// MSVC "deprecates" snprintf and issues warnings wherever it is used.  In
        -: 2098:// order to avoid these warnings, we need to use _snprintf or _snprintf_s on
        -: 2099:// MSVC-based platforms.  We map the GTEST_SNPRINTF_ macro to the appropriate
        -: 2100:// function in order to achieve that.  We use macro definition here because
        -: 2101:// snprintf is a variadic function.
        -: 2102:#if _MSC_VER && !GTEST_OS_WINDOWS_MOBILE
        -: 2103:// MSVC 2005 and above support variadic macros.
        -: 2104:# define GTEST_SNPRINTF_(buffer, size, format, ...) \
        -: 2105:     _snprintf_s(buffer, size, size, format, __VA_ARGS__)
        -: 2106:#elif defined(_MSC_VER)
        -: 2107:// Windows CE does not define _snprintf_s
        -: 2108:# define GTEST_SNPRINTF_ _snprintf
        -: 2109:#else
        -: 2110:# define GTEST_SNPRINTF_ snprintf
        -: 2111:#endif
        -: 2112:
        -: 2113:// The biggest signed integer type the compiler supports.
        -: 2114://
        -: 2115:// long long is guaranteed to be at least 64-bits in C++11.
        -: 2116:using BiggestInt = long long;  // NOLINT
        -: 2117:
        -: 2118:// The maximum number a BiggestInt can represent.
        -: 2119:constexpr BiggestInt kMaxBiggestInt = (std::numeric_limits<BiggestInt>::max)();
        -: 2120:
        -: 2121:// This template class serves as a compile-time function from size to
        -: 2122:// type.  It maps a size in bytes to a primitive type with that
        -: 2123:// size. e.g.
        -: 2124://
        -: 2125://   TypeWithSize<4>::UInt
        -: 2126://
        -: 2127:// is typedef-ed to be unsigned int (unsigned integer made up of 4
        -: 2128:// bytes).
        -: 2129://
        -: 2130:// Such functionality should belong to STL, but I cannot find it
        -: 2131:// there.
        -: 2132://
        -: 2133:// Google Test uses this class in the implementation of floating-point
        -: 2134:// comparison.
        -: 2135://
        -: 2136:// For now it only handles UInt (unsigned int) as that's all Google Test
        -: 2137:// needs.  Other types can be easily added in the future if need
        -: 2138:// arises.
        -: 2139:template <size_t size>
        -: 2140:class TypeWithSize {
        -: 2141: public:
        -: 2142:  // This prevents the user from using TypeWithSize<N> with incorrect
        -: 2143:  // values of N.
        -: 2144:  using UInt = void;
        -: 2145:};
        -: 2146:
        -: 2147:// The specialization for size 4.
        -: 2148:template <>
        -: 2149:class TypeWithSize<4> {
        -: 2150: public:
        -: 2151:  using Int = std::int32_t;
        -: 2152:  using UInt = std::uint32_t;
        -: 2153:};
        -: 2154:
        -: 2155:// The specialization for size 8.
        -: 2156:template <>
        -: 2157:class TypeWithSize<8> {
        -: 2158: public:
        -: 2159:  using Int = std::int64_t;
        -: 2160:  using UInt = std::uint64_t;
        -: 2161:};
        -: 2162:
        -: 2163:// Integer types of known sizes.
        -: 2164:using TimeInMillis = int64_t;  // Represents time in milliseconds.
        -: 2165:
        -: 2166:// Utilities for command line flags and environment variables.
        -: 2167:
        -: 2168:// Macro for referencing flags.
        -: 2169:#if !defined(GTEST_FLAG)
        -: 2170:# define GTEST_FLAG(name) FLAGS_gtest_##name
        -: 2171:#endif  // !defined(GTEST_FLAG)
        -: 2172:
        -: 2173:#if !defined(GTEST_USE_OWN_FLAGFILE_FLAG_)
        -: 2174:# define GTEST_USE_OWN_FLAGFILE_FLAG_ 1
        -: 2175:#endif  // !defined(GTEST_USE_OWN_FLAGFILE_FLAG_)
        -: 2176:
        -: 2177:#if !defined(GTEST_DECLARE_bool_)
        -: 2178:# define GTEST_FLAG_SAVER_ ::testing::internal::GTestFlagSaver
        -: 2179:
        -: 2180:// Macros for declaring flags.
        -: 2181:#define GTEST_DECLARE_bool_(name)          \
        -: 2182:  namespace testing {                      \
        -: 2183:  GTEST_API_ extern bool GTEST_FLAG(name); \
        -: 2184:  } static_assert(true, "no-op to require trailing semicolon")
        -: 2185:#define GTEST_DECLARE_int32_(name)                 \
        -: 2186:  namespace testing {                              \
        -: 2187:  GTEST_API_ extern std::int32_t GTEST_FLAG(name); \
        -: 2188:  } static_assert(true, "no-op to require trailing semicolon")
        -: 2189:#define GTEST_DECLARE_string_(name)                 \
        -: 2190:  namespace testing {                               \
        -: 2191:  GTEST_API_ extern ::std::string GTEST_FLAG(name); \
        -: 2192:  } static_assert(true, "no-op to require trailing semicolon")
        -: 2193:
        -: 2194:// Macros for defining flags.
        -: 2195:#define GTEST_DEFINE_bool_(name, default_val, doc)  \
        -: 2196:  namespace testing {                               \
        -: 2197:  GTEST_API_ bool GTEST_FLAG(name) = (default_val); \
        -: 2198:  } static_assert(true, "no-op to require trailing semicolon")
        -: 2199:#define GTEST_DEFINE_int32_(name, default_val, doc)         \
        -: 2200:  namespace testing {                                       \
        -: 2201:  GTEST_API_ std::int32_t GTEST_FLAG(name) = (default_val); \
        -: 2202:  } static_assert(true, "no-op to require trailing semicolon")
        -: 2203:#define GTEST_DEFINE_string_(name, default_val, doc)         \
        -: 2204:  namespace testing {                                        \
        -: 2205:  GTEST_API_ ::std::string GTEST_FLAG(name) = (default_val); \
        -: 2206:  } static_assert(true, "no-op to require trailing semicolon")
        -: 2207:
        -: 2208:#endif  // !defined(GTEST_DECLARE_bool_)
        -: 2209:
        -: 2210:#if !defined(GTEST_FLAG_GET)
        -: 2211:#define GTEST_FLAG_GET(name) ::testing::GTEST_FLAG(name)
        -: 2212:#define GTEST_FLAG_SET(name, value) (void)(::testing::GTEST_FLAG(name) = value)
        -: 2213:#endif  // !defined(GTEST_FLAG_GET)
        -: 2214:
        -: 2215:// Thread annotations
        -: 2216:#if !defined(GTEST_EXCLUSIVE_LOCK_REQUIRED_)
        -: 2217:# define GTEST_EXCLUSIVE_LOCK_REQUIRED_(locks)
        -: 2218:# define GTEST_LOCK_EXCLUDED_(locks)
        -: 2219:#endif  // !defined(GTEST_EXCLUSIVE_LOCK_REQUIRED_)
        -: 2220:
        -: 2221:// Parses 'str' for a 32-bit signed integer.  If successful, writes the result
        -: 2222:// to *value and returns true; otherwise leaves *value unchanged and returns
        -: 2223:// false.
        -: 2224:GTEST_API_ bool ParseInt32(const Message& src_text, const char* str,
        -: 2225:                           int32_t* value);
        -: 2226:
        -: 2227:// Parses a bool/int32_t/string from the environment variable
        -: 2228:// corresponding to the given Google Test flag.
        -: 2229:bool BoolFromGTestEnv(const char* flag, bool default_val);
        -: 2230:GTEST_API_ int32_t Int32FromGTestEnv(const char* flag, int32_t default_val);
        -: 2231:std::string OutputFlagAlsoCheckEnvVar();
        -: 2232:const char* StringFromGTestEnv(const char* flag, const char* default_val);
        -: 2233:
        -: 2234:}  // namespace internal
        -: 2235:}  // namespace testing
        -: 2236:
        -: 2237:#if !defined(GTEST_INTERNAL_DEPRECATED)
        -: 2238:
        -: 2239:// Internal Macro to mark an API deprecated, for googletest usage only
        -: 2240:// Usage: class GTEST_INTERNAL_DEPRECATED(message) MyClass or
        -: 2241:// GTEST_INTERNAL_DEPRECATED(message) <return_type> myFunction(); Every usage of
        -: 2242:// a deprecated entity will trigger a warning when compiled with
        -: 2243:// `-Wdeprecated-declarations` option (clang, gcc, any __GNUC__ compiler).
        -: 2244:// For msvc /W3 option will need to be used
        -: 2245:// Note that for 'other' compilers this macro evaluates to nothing to prevent
        -: 2246:// compilations errors.
        -: 2247:#if defined(_MSC_VER)
        -: 2248:#define GTEST_INTERNAL_DEPRECATED(message) __declspec(deprecated(message))
        -: 2249:#elif defined(__GNUC__)
        -: 2250:#define GTEST_INTERNAL_DEPRECATED(message) __attribute__((deprecated(message)))
        -: 2251:#else
        -: 2252:#define GTEST_INTERNAL_DEPRECATED(message)
        -: 2253:#endif
        -: 2254:
        -: 2255:#endif  // !defined(GTEST_INTERNAL_DEPRECATED)
        -: 2256:
        -: 2257:#if GTEST_HAS_ABSL
        -: 2258:// Always use absl::any for UniversalPrinter<> specializations if googletest
        -: 2259:// is built with absl support.
        -: 2260:#define GTEST_INTERNAL_HAS_ANY 1
        -: 2261:#include "absl/types/any.h"
        -: 2262:namespace testing {
        -: 2263:namespace internal {
        -: 2264:using Any = ::absl::any;
        -: 2265:}  // namespace internal
        -: 2266:}  // namespace testing
        -: 2267:#else
        -: 2268:#ifdef __has_include
        -: 2269:#if __has_include(<any>) && __cplusplus >= 201703L
        -: 2270:// Otherwise for C++17 and higher use std::any for UniversalPrinter<>
        -: 2271:// specializations.
        -: 2272:#define GTEST_INTERNAL_HAS_ANY 1
        -: 2273:#include <any>
        -: 2274:namespace testing {
        -: 2275:namespace internal {
        -: 2276:using Any = ::std::any;
        -: 2277:}  // namespace internal
        -: 2278:}  // namespace testing
        -: 2279:// The case where absl is configured NOT to alias std::any is not
        -: 2280:// supported.
        -: 2281:#endif  // __has_include(<any>) && __cplusplus >= 201703L
        -: 2282:#endif  // __has_include
        -: 2283:#endif  // GTEST_HAS_ABSL
        -: 2284:
        -: 2285:#if GTEST_HAS_ABSL
        -: 2286:// Always use absl::optional for UniversalPrinter<> specializations if
        -: 2287:// googletest is built with absl support.
        -: 2288:#define GTEST_INTERNAL_HAS_OPTIONAL 1
        -: 2289:#include "absl/types/optional.h"
        -: 2290:namespace testing {
        -: 2291:namespace internal {
        -: 2292:template <typename T>
        -: 2293:using Optional = ::absl::optional<T>;
        -: 2294:inline ::absl::nullopt_t Nullopt() { return ::absl::nullopt; }
        -: 2295:}  // namespace internal
        -: 2296:}  // namespace testing
        -: 2297:#else
        -: 2298:#ifdef __has_include
        -: 2299:#if __has_include(<optional>) && __cplusplus >= 201703L
        -: 2300:// Otherwise for C++17 and higher use std::optional for UniversalPrinter<>
        -: 2301:// specializations.
        -: 2302:#define GTEST_INTERNAL_HAS_OPTIONAL 1
        -: 2303:#include <optional>
        -: 2304:namespace testing {
        -: 2305:namespace internal {
        -: 2306:template <typename T>
        -: 2307:using Optional = ::std::optional<T>;
        -: 2308:inline ::std::nullopt_t Nullopt() { return ::std::nullopt; }
        -: 2309:}  // namespace internal
        -: 2310:}  // namespace testing
        -: 2311:// The case where absl is configured NOT to alias std::optional is not
        -: 2312:// supported.
        -: 2313:#endif  // __has_include(<optional>) && __cplusplus >= 201703L
        -: 2314:#endif  // __has_include
        -: 2315:#endif  // GTEST_HAS_ABSL
        -: 2316:
        -: 2317:#if GTEST_HAS_ABSL
        -: 2318:// Always use absl::string_view for Matcher<> specializations if googletest
        -: 2319:// is built with absl support.
        -: 2320:# define GTEST_INTERNAL_HAS_STRING_VIEW 1
        -: 2321:#include "absl/strings/string_view.h"
        -: 2322:namespace testing {
        -: 2323:namespace internal {
        -: 2324:using StringView = ::absl::string_view;
        -: 2325:}  // namespace internal
        -: 2326:}  // namespace testing
        -: 2327:#else
        -: 2328:# ifdef __has_include
        -: 2329:#   if __has_include(<string_view>) && __cplusplus >= 201703L
        -: 2330:// Otherwise for C++17 and higher use std::string_view for Matcher<>
        -: 2331:// specializations.
        -: 2332:#   define GTEST_INTERNAL_HAS_STRING_VIEW 1
        -: 2333:#include <string_view>
        -: 2334:namespace testing {
        -: 2335:namespace internal {
        -: 2336:using StringView = ::std::string_view;
        -: 2337:}  // namespace internal
        -: 2338:}  // namespace testing
        -: 2339:// The case where absl is configured NOT to alias std::string_view is not
        -: 2340:// supported.
        -: 2341:#  endif  // __has_include(<string_view>) && __cplusplus >= 201703L
        -: 2342:# endif  // __has_include
        -: 2343:#endif  // GTEST_HAS_ABSL
        -: 2344:
        -: 2345:#if GTEST_HAS_ABSL
        -: 2346:// Always use absl::variant for UniversalPrinter<> specializations if googletest
        -: 2347:// is built with absl support.
        -: 2348:#define GTEST_INTERNAL_HAS_VARIANT 1
        -: 2349:#include "absl/types/variant.h"
        -: 2350:namespace testing {
        -: 2351:namespace internal {
        -: 2352:template <typename... T>
        -: 2353:using Variant = ::absl::variant<T...>;
        -: 2354:}  // namespace internal
        -: 2355:}  // namespace testing
        -: 2356:#else
        -: 2357:#ifdef __has_include
        -: 2358:#if __has_include(<variant>) && __cplusplus >= 201703L
        -: 2359:// Otherwise for C++17 and higher use std::variant for UniversalPrinter<>
        -: 2360:// specializations.
        -: 2361:#define GTEST_INTERNAL_HAS_VARIANT 1
        -: 2362:#include <variant>
        -: 2363:namespace testing {
        -: 2364:namespace internal {
        -: 2365:template <typename... T>
        -: 2366:using Variant = ::std::variant<T...>;
        -: 2367:}  // namespace internal
        -: 2368:}  // namespace testing
        -: 2369:// The case where absl is configured NOT to alias std::variant is not supported.
        -: 2370:#endif  // __has_include(<variant>) && __cplusplus >= 201703L
        -: 2371:#endif  // __has_include
        -: 2372:#endif  // GTEST_HAS_ABSL
        -: 2373:
        -: 2374:#endif  // GOOGLETEST_INCLUDE_GTEST_INTERNAL_GTEST_PORT_H_
