        -:    0:Source:/home/gongxc/CLionProjects/misysTest/main.cpp
        -:    0:Graph:/home/gongxc/CLionProjects/misysTest/cmake-build-debug/CMakeFiles/misysTest.dir/main.cpp.gcno
        -:    0:Data:/home/gongxc/CLionProjects/misysTest/cmake-build-debug/CMakeFiles/misysTest.dir/main.cpp.gcda
        -:    0:Runs:1
        -:    0:Programs:1
        -:    1:
        -:    2:#include <gtest/gtest.h>
function main called 1 returned 100% blocks executed 100%
        1:    3:int main(int argc, char** argv)
        1:    3-block  0
        -:    4:{
        1:    5:    testing::InitGoogleTest(&argc, argv);
        1:    5-block  0
call    0 returned 1
        1:    6:    return RUN_ALL_TESTS();
call    0 returned 1
function _GLOBAL__sub_I_main called 1 returned 100% blocks executed 100%
function _Z41__static_initialization_and_destruction_0ii called 1 returned 100% blocks executed 100%
        4:    7:}
        1:    7-block  0
        1:    7-block  1
call    0 returned 1
        1:    7-block  2
        1:    7-block  3
branch  1 taken 1 (fallthrough)
branch  2 taken 0
        1:    7-block  4
branch  3 taken 1 (fallthrough)
branch  4 taken 0
